#
# There is insufficient memory for the Java Runtime Environment to continue.
# Native memory allocation (mmap) failed to map 356515840 bytes for G1 virtual space
# Possible reasons:
#   The system is out of physical RAM or swap space
#   The process is running with CompressedOops enabled, and the Java Heap may be blocking the growth of the native heap
# Possible solutions:
#   Reduce memory load on the system
#   Increase physical memory or swap space
#   Check if swap backing store is full
#   Decrease Java heap size (-Xmx/-Xms)
#   Decrease number of Java threads
#   Decrease Java thread stack sizes (-Xss)
#   Set larger code cache with -XX:ReservedCodeCacheSize=
#   JVM is running with Zero Based Compressed Oops mode in which the Java heap is
#     placed in the first 32GB address space. The Java Heap base address is the
#     maximum limit for the native heap growth. Please use -XX:HeapBaseMinAddress
#     to set the Java Heap base and to place the Java Heap above 32GB virtual address.
# This output file may be truncated or incomplete.
#
#  Out of Memory Error (os_windows.cpp:3532), pid=27216, tid=36324
#
# JRE version: OpenJDK Runtime Environment Temurin-17.0.2+8 (17.0.2+8) (build 17.0.2+8)
# Java VM: OpenJDK 64-Bit Server VM Temurin-17.0.2+8 (17.0.2+8, mixed mode, emulated-client, tiered, compressed oops, compressed class ptrs, g1 gc, windows-amd64)
# No core dump will be written. Minidumps are not enabled by default on client versions of Windows
#

---------------  S U M M A R Y ------------

Command Line: -Dcom.sun.management.jmxremote -Dcom.sun.management.jmxremote.port=62044 -Dcom.sun.management.jmxremote.authenticate=false -Dcom.sun.management.jmxremote.ssl=false -Djava.rmi.server.hostname=localhost -Dspring.jmx.enabled=true -Dspring.application.admin.enabled=true -XX:TieredStopAtLevel=1 -Dspring.boot.project.name=product-categories-service -Dfile.encoding=UTF-8 -XX:+ShowCodeDetailsInExceptionMessages com.mrmrscart.productcategoriesservice.ProductCategoriesServiceApplication --spring.output.ansi.enabled=always

Host: 11th Gen Intel(R) Core(TM) i5-1135G7 @ 2.40GHz, 8 cores, 15G,  Windows 10 , 64 bit Build 19041 (10.0.19041.1706)
Time: Thu Jun  9 17:53:06 2022 India Standard Time elapsed time: 817.408120 seconds (0d 0h 13m 37s)

---------------  T H R E A D  ---------------

Current thread (0x000002841e8060c0):  VMThread "VM Thread" [stack: 0x000000fadb700000,0x000000fadb800000] [id=36324]

Stack: [0x000000fadb700000,0x000000fadb800000]
Native frames: (J=compiled Java code, j=interpreted, Vv=VM code, C=native code)
V  [jvm.dll+0x67564a]
V  [jvm.dll+0x82fc04]
V  [jvm.dll+0x8313ae]
V  [jvm.dll+0x831a13]
V  [jvm.dll+0x245235]
V  [jvm.dll+0x672539]
V  [jvm.dll+0x666e82]
V  [jvm.dll+0x30401b]
V  [jvm.dll+0x30b566]
V  [jvm.dll+0x35b1fe]
V  [jvm.dll+0x35b42f]
V  [jvm.dll+0x2daf58]
V  [jvm.dll+0x2d920c]
V  [jvm.dll+0x2d87dc]
V  [jvm.dll+0x31c61b]
V  [jvm.dll+0x835ebb]
V  [jvm.dll+0x836bf4]
V  [jvm.dll+0x83710c]
V  [jvm.dll+0x8374e4]
V  [jvm.dll+0x8375b0]
V  [jvm.dll+0x7dff2a]
V  [jvm.dll+0x6744d5]
C  [ucrtbase.dll+0x21bb2]
C  [KERNEL32.DLL+0x17034]
C  [ntdll.dll+0x52651]

VM_Operation (0x000000faddefe240): G1CollectForAllocation, mode: safepoint, requested by thread 0x0000028425393880


---------------  P R O C E S S  ---------------

Threads class SMR info:
_java_thread_list=0x00000284254f9840, length=45, elements={
0x000002841e80eba0, 0x000002841e817830, 0x000002841e8703b0, 0x000002841e874c90,
0x000002841e875550, 0x000002841e875e10, 0x000002841e8776e0, 0x000002841e87b4e0,
0x000002841dcde8b0, 0x000002841eae1330, 0x000002841f3633b0, 0x000002841f36b4f0,
0x000002841f361c30, 0x000002842045abd0, 0x000002842051dec0, 0x000002842051bd10,
0x0000028425392540, 0x0000028425395f00, 0x0000028425395a30, 0x0000028425392ee0,
0x0000028425396d70, 0x00000284253980b0, 0x00000284253946f0, 0x0000028425394220,
0x0000028425394bc0, 0x00000284253933b0, 0x0000028425393880, 0x0000028425397710,
0x0000028425395560, 0x00000284253963d0, 0x00000284253968a0, 0x0000028425398a50,
0x0000028425395090, 0x00000284253998c0, 0x0000028425397be0, 0x0000028425398f20,
0x0000028425393d50, 0x00000284253993f0, 0x0000028425392070, 0x0000028425392a10,
0x000002842051d050, 0x000002842051d520, 0x000002842051c6b0, 0x000002842051b370,
0x000002842051d9f0
}

Java Threads: ( => current thread )
  0x000002841e80eba0 JavaThread "Reference Handler" daemon [_thread_blocked, id=13592, stack(0x000000fadb800000,0x000000fadb900000)]
  0x000002841e817830 JavaThread "Finalizer" daemon [_thread_blocked, id=28140, stack(0x000000fadb900000,0x000000fadba00000)]
  0x000002841e8703b0 JavaThread "Signal Dispatcher" daemon [_thread_blocked, id=18304, stack(0x000000fadba00000,0x000000fadbb00000)]
  0x000002841e874c90 JavaThread "Attach Listener" daemon [_thread_blocked, id=23592, stack(0x000000fadbb00000,0x000000fadbc00000)]
  0x000002841e875550 JavaThread "Service Thread" daemon [_thread_blocked, id=11944, stack(0x000000fadbc00000,0x000000fadbd00000)]
  0x000002841e875e10 JavaThread "Monitor Deflation Thread" daemon [_thread_blocked, id=36596, stack(0x000000fadbd00000,0x000000fadbe00000)]
  0x000002841e8776e0 JavaThread "C1 CompilerThread0" daemon [_thread_blocked, id=35436, stack(0x000000fadbe00000,0x000000fadbf00000)]
  0x000002841e87b4e0 JavaThread "Sweeper thread" daemon [_thread_blocked, id=28128, stack(0x000000fadbf00000,0x000000fadc000000)]
  0x000002841dcde8b0 JavaThread "Common-Cleaner" daemon [_thread_blocked, id=16916, stack(0x000000fadc000000,0x000000fadc100000)]
  0x000002841eae1330 JavaThread "Notification Thread" daemon [_thread_blocked, id=19412, stack(0x000000fadc300000,0x000000fadc400000)]
  0x000002841f3633b0 JavaThread "RMI TCP Accept-0" daemon [_thread_in_native, id=32340, stack(0x000000fadc400000,0x000000fadc500000)]
  0x000002841f36b4f0 JavaThread "RMI TCP Accept-62044" daemon [_thread_in_native, id=2424, stack(0x000000fadc500000,0x000000fadc600000)]
  0x000002841f361c30 JavaThread "RMI TCP Accept-0" daemon [_thread_in_native, id=15692, stack(0x000000fadc600000,0x000000fadc700000)]
  0x000002842045abd0 JavaThread "RMI Scheduler(0)" daemon [_thread_blocked, id=2128, stack(0x000000fadd600000,0x000000fadd700000)]
  0x000002842051dec0 JavaThread "JMX server connection timeout 26" daemon [_thread_blocked, id=21364, stack(0x000000fadd800000,0x000000fadd900000)]
  0x000002842051bd10 JavaThread "Live Reload Server" daemon [_thread_in_native, id=29996, stack(0x000000fade200000,0x000000fade300000)]
  0x0000028425392540 JavaThread "DestroyJavaVM" [_thread_blocked, id=28040, stack(0x000000fadb100000,0x000000fadb200000)]
  0x0000028425395f00 JavaThread "RMI TCP Connection(idle)" daemon [_thread_blocked, id=30628, stack(0x000000fadfb00000,0x000000fadfc00000)]
  0x0000028425395a30 JavaThread "pool-37-thread-1" [_thread_blocked, id=3116, stack(0x000000fadc200000,0x000000fadc300000)]
  0x0000028425392ee0 JavaThread "cluster-ClusterId{value='62a1e5935b7290776cab943e', description='null'}-localhost:27017" daemon [_thread_blocked, id=20208, stack(0x000000fadc800000,0x000000fadc900000)]
  0x0000028425396d70 JavaThread "cluster-rtt-ClusterId{value='62a1e5935b7290776cab943e', description='null'}-localhost:27017" daemon [_thread_blocked, id=11948, stack(0x000000fadd300000,0x000000fadd400000)]
  0x00000284253980b0 JavaThread "spring.cloud.inetutils" daemon [_thread_blocked, id=24276, stack(0x000000fadd500000,0x000000fadd600000)]
  0x00000284253946f0 JavaThread "Catalina-utility-1" [_thread_blocked, id=24976, stack(0x000000fadd700000,0x000000fadd800000)]
  0x0000028425394220 JavaThread "Catalina-utility-2" [_thread_blocked, id=36068, stack(0x000000fadd900000,0x000000fadda00000)]
  0x0000028425394bc0 JavaThread "container-0" [_thread_blocked, id=25876, stack(0x000000faddc00000,0x000000faddd00000)]
  0x00000284253933b0 JavaThread "java-sdk-http-connection-reaper" daemon [_thread_blocked, id=5668, stack(0x000000faddd00000,0x000000fadde00000)]
  0x0000028425393880 JavaThread "File Watcher" daemon [_thread_blocked, id=33828, stack(0x000000fadde00000,0x000000faddf00000)]
  0x0000028425397710 JavaThread "AsyncResolver-bootstrap-0" daemon [_thread_blocked, id=14528, stack(0x000000faddf00000,0x000000fade000000)]
  0x0000028425395560 JavaThread "DiscoveryClient-0" daemon [_thread_blocked, id=9732, stack(0x000000fade000000,0x000000fade100000)]
  0x00000284253963d0 JavaThread "DiscoveryClient-1" daemon [_thread_blocked, id=36796, stack(0x000000fade100000,0x000000fade200000)]
  0x00000284253968a0 JavaThread "DiscoveryClient-InstanceInfoReplicator-0" daemon [_thread_blocked, id=3556, stack(0x000000fade300000,0x000000fade400000)]
  0x0000028425398a50 JavaThread "http-nio-8100-exec-1" daemon [_thread_blocked, id=32496, stack(0x000000fade400000,0x000000fade500000)]
  0x0000028425395090 JavaThread "http-nio-8100-exec-2" daemon [_thread_blocked, id=12580, stack(0x000000fade500000,0x000000fade600000)]
  0x00000284253998c0 JavaThread "http-nio-8100-exec-3" daemon [_thread_blocked, id=33964, stack(0x000000fade600000,0x000000fade700000)]
  0x0000028425397be0 JavaThread "http-nio-8100-exec-4" daemon [_thread_blocked, id=26732, stack(0x000000fade700000,0x000000fade800000)]
  0x0000028425398f20 JavaThread "http-nio-8100-exec-5" daemon [_thread_blocked, id=28188, stack(0x000000fade800000,0x000000fade900000)]
  0x0000028425393d50 JavaThread "http-nio-8100-exec-6" daemon [_thread_blocked, id=21812, stack(0x000000fade900000,0x000000fadea00000)]
  0x00000284253993f0 JavaThread "http-nio-8100-exec-7" daemon [_thread_blocked, id=28196, stack(0x000000fadea00000,0x000000fadeb00000)]
  0x0000028425392070 JavaThread "http-nio-8100-exec-8" daemon [_thread_blocked, id=22972, stack(0x000000fadeb00000,0x000000fadec00000)]
  0x0000028425392a10 JavaThread "http-nio-8100-exec-9" daemon [_thread_blocked, id=32500, stack(0x000000fadec00000,0x000000faded00000)]
  0x000002842051d050 JavaThread "http-nio-8100-exec-10" daemon [_thread_blocked, id=29812, stack(0x000000faded00000,0x000000fadee00000)]
  0x000002842051d520 JavaThread "http-nio-8100-Poller" daemon [_thread_in_native, id=34884, stack(0x000000fadee00000,0x000000fadef00000)]
  0x000002842051c6b0 JavaThread "http-nio-8100-Acceptor" daemon [_thread_in_native, id=27992, stack(0x000000fadef00000,0x000000fadf000000)]
  0x000002842051b370 JavaThread "DiscoveryClient-CacheRefreshExecutor-0" daemon [_thread_blocked, id=21108, stack(0x000000fadb000000,0x000000fadb100000)]
  0x000002842051d9f0 JavaThread "DiscoveryClient-HeartbeatExecutor-0" daemon [_thread_blocked, id=22132, stack(0x000000fadc100000,0x000000fadc200000)]

Other Threads:
=>0x000002841e8060c0 VMThread "VM Thread" [stack: 0x000000fadb700000,0x000000fadb800000] [id=36324]
  0x000002840b4e5460 WatcherThread [stack: 0x000000fadc700000,0x000000fadc800000] [id=28668]
  0x000002840b4cc9a0 GCTaskThread "GC Thread#0" [stack: 0x000000fadb200000,0x000000fadb300000] [id=1272]
  0x00000284202d6b40 GCTaskThread "GC Thread#1" [stack: 0x000000fadc900000,0x000000fadca00000] [id=25220]
  0x00000284202d5060 GCTaskThread "GC Thread#2" [stack: 0x000000fadca00000,0x000000fadcb00000] [id=25292]
  0x00000284202d5310 GCTaskThread "GC Thread#3" [stack: 0x000000fadcb00000,0x000000fadcc00000] [id=19220]
  0x00000284202d55c0 GCTaskThread "GC Thread#4" [stack: 0x000000fadcc00000,0x000000fadcd00000] [id=28256]
  0x00000284202d5870 GCTaskThread "GC Thread#5" [stack: 0x000000fadcd00000,0x000000fadce00000] [id=2276]
  0x00000284202d6080 GCTaskThread "GC Thread#6" [stack: 0x000000fadce00000,0x000000fadcf00000] [id=21596]
  0x00000284202d5b20 GCTaskThread "GC Thread#7" [stack: 0x000000fadcf00000,0x000000fadd000000] [id=19832]
  0x000002840b4dd430 ConcurrentGCThread "G1 Main Marker" [stack: 0x000000fadb300000,0x000000fadb400000] [id=18648]
  0x000002840b4de560 ConcurrentGCThread "G1 Conc#0" [stack: 0x000000fadb400000,0x000000fadb500000] [id=36332]
  0x00000284202d6330 ConcurrentGCThread "G1 Conc#1" [stack: 0x000000fadda00000,0x000000faddb00000] [id=27548]
  0x000002840b533510 ConcurrentGCThread "G1 Refine#0" [stack: 0x000000fadb500000,0x000000fadb600000] [id=34580]
  0x00000284202ff320 ConcurrentGCThread "G1 Refine#1" [stack: 0x000000fadd000000,0x000000fadd100000] [id=6248]
  0x00000284202ff810 ConcurrentGCThread "G1 Refine#2" [stack: 0x000000fadd100000,0x000000fadd200000] [id=22068]
  0x0000028420300320 ConcurrentGCThread "G1 Refine#3" [stack: 0x000000fadd200000,0x000000fadd300000] [id=19204]
  0x0000028423040df0 ConcurrentGCThread "G1 Refine#4" [stack: 0x000000fadf200000,0x000000fadf300000] [id=22064]
  0x0000028423040550 ConcurrentGCThread "G1 Refine#5" [stack: 0x000000fadf300000,0x000000fadf400000] [id=19324]
  0x000002842303f410 ConcurrentGCThread "G1 Refine#6" [stack: 0x000000fadf400000,0x000000fadf500000] [id=28364]
  0x000002842303ff90 ConcurrentGCThread "G1 Refine#7" [stack: 0x000000fadf500000,0x000000fadf600000] [id=31104]
  0x000002841dbb20d0 ConcurrentGCThread "G1 Service" [stack: 0x000000fadb600000,0x000000fadb700000] [id=19692]

Threads with active compile tasks:

VM state: at safepoint (normal execution)

VM Mutex/Monitor currently owned by a thread:  ([mutex/lock_event])
[0x000002840b476600] Threads_lock - owner thread: 0x000002841e8060c0
[0x000002840b476330] Heap_lock - owner thread: 0x0000028425393880

Heap address: 0x0000000703c00000, size: 4036 MB, Compressed Oops mode: Zero based, Oop shift amount: 3

CDS archive(s) not mapped
Compressed class space mapped at: 0x0000000800000000-0x0000000840000000, reserved size: 1073741824
Narrow klass base: 0x0000000800000000, Narrow klass shift: 0, Narrow klass range: 0x40000000

GC Precious Log:
 CPUs: 8 total, 8 available
 Memory: 16140M
 Large Page Support: Disabled
 NUMA Support: Disabled
 Compressed Oops: Enabled (Zero based)
 Heap Region Size: 2M
 Heap Min Capacity: 8M
 Heap Initial Capacity: 254M
 Heap Max Capacity: 4036M
 Pre-touch: Disabled
 Parallel Workers: 8
 Concurrent Workers: 2
 Concurrent Refinement Workers: 8
 Periodic GC: Disabled

Heap:
 garbage-first heap   total 348160K, used 114304K [0x0000000703c00000, 0x0000000800000000)
  region size 2048K, 2 young (4096K), 2 survivors (4096K)
 Metaspace       used 79802K, committed 80576K, reserved 1122304K
  class space    used 10625K, committed 11008K, reserved 1048576K

Heap Regions: E=young(eden), S=young(survivor), O=old, HS=humongous(starts), HC=humongous(continues), CS=collection set, F=free, OA=open archive, CA=closed archive, TAMS=top-at-mark-start (previous, next)
|   0|0x0000000703c00000, 0x0000000703e00000, 0x0000000703e00000|100%| O|  |TAMS 0x0000000703e00000, 0x0000000703e00000| Untracked 
|   1|0x0000000703e00000, 0x0000000703ffffe8, 0x0000000704000000| 99%| O|  |TAMS 0x0000000703ffffe8, 0x0000000703ffffe8| Untracked 
|   2|0x0000000704000000, 0x0000000704200000, 0x0000000704200000|100%| O|  |TAMS 0x0000000704200000, 0x0000000704200000| Untracked 
|   3|0x0000000704200000, 0x0000000704400000, 0x0000000704400000|100%| O|  |TAMS 0x0000000704400000, 0x0000000704400000| Untracked 
|   4|0x0000000704400000, 0x0000000704600000, 0x0000000704600000|100%| O|  |TAMS 0x0000000704600000, 0x0000000704600000| Untracked 
|   5|0x0000000704600000, 0x00000007047fffc0, 0x0000000704800000| 99%| O|  |TAMS 0x00000007047fffc0, 0x00000007047fffc0| Untracked 
|   6|0x0000000704800000, 0x0000000704a00000, 0x0000000704a00000|100%| O|  |TAMS 0x0000000704a00000, 0x0000000704a00000| Untracked 
|   7|0x0000000704a00000, 0x0000000704c00000, 0x0000000704c00000|100%| O|  |TAMS 0x0000000704c00000, 0x0000000704c00000| Untracked 
|   8|0x0000000704c00000, 0x0000000704dffff8, 0x0000000704e00000| 99%| O|  |TAMS 0x0000000704dffff8, 0x0000000704dffff8| Untracked 
|   9|0x0000000704e00000, 0x0000000704fffff8, 0x0000000705000000| 99%| O|  |TAMS 0x0000000704fffff8, 0x0000000704fffff8| Untracked 
|  10|0x0000000705000000, 0x00000007051ffff8, 0x0000000705200000| 99%| O|  |TAMS 0x00000007051ffff8, 0x00000007051ffff8| Untracked 
|  11|0x0000000705200000, 0x00000007053fffe0, 0x0000000705400000| 99%| O|  |TAMS 0x00000007053fffe0, 0x00000007053fffe0| Untracked 
|  12|0x0000000705400000, 0x0000000705600000, 0x0000000705600000|100%| O|  |TAMS 0x0000000705600000, 0x0000000705600000| Untracked 
|  13|0x0000000705600000, 0x00000007057fffd8, 0x0000000705800000| 99%| O|  |TAMS 0x00000007057fffd8, 0x00000007057fffd8| Untracked 
|  14|0x0000000705800000, 0x00000007059fffc8, 0x0000000705a00000| 99%| O|  |TAMS 0x00000007059fffc8, 0x00000007059fffc8| Untracked 
|  15|0x0000000705a00000, 0x0000000705bfffe8, 0x0000000705c00000| 99%| O|  |TAMS 0x0000000705bfffe8, 0x0000000705bfffe8| Untracked 
|  16|0x0000000705c00000, 0x0000000705e00000, 0x0000000705e00000|100%| O|  |TAMS 0x0000000705e00000, 0x0000000705e00000| Untracked 
|  17|0x0000000705e00000, 0x0000000705ffffe8, 0x0000000706000000| 99%| O|  |TAMS 0x0000000705ffffe8, 0x0000000705ffffe8| Untracked 
|  18|0x0000000706000000, 0x00000007061ffff0, 0x0000000706200000| 99%| O|  |TAMS 0x00000007061ffff0, 0x00000007061ffff0| Untracked 
|  19|0x0000000706200000, 0x00000007063fffc0, 0x0000000706400000| 99%| O|  |TAMS 0x00000007063fffc0, 0x00000007063fffc0| Untracked 
|  20|0x0000000706400000, 0x00000007065fdf28, 0x0000000706600000| 99%| O|  |TAMS 0x00000007065fdf28, 0x00000007065fdf28| Untracked 
|  21|0x0000000706600000, 0x00000007067fffb0, 0x0000000706800000| 99%| O|  |TAMS 0x00000007067fffb0, 0x00000007067fffb0| Untracked 
|  22|0x0000000706800000, 0x00000007069fffc8, 0x0000000706a00000| 99%| O|  |TAMS 0x00000007069fffc8, 0x00000007069fffc8| Untracked 
|  23|0x0000000706a00000, 0x0000000706bfffe8, 0x0000000706c00000| 99%| O|  |TAMS 0x0000000706bfffe8, 0x0000000706bfffe8| Untracked 
|  24|0x0000000706c00000, 0x0000000706dfffc8, 0x0000000706e00000| 99%| O|  |TAMS 0x0000000706dfffc8, 0x0000000706dfffc8| Untracked 
|  25|0x0000000706e00000, 0x0000000706ffffe8, 0x0000000707000000| 99%| O|  |TAMS 0x0000000706ffffe8, 0x0000000706ffffe8| Untracked 
|  26|0x0000000707000000, 0x00000007071ffff8, 0x0000000707200000| 99%| O|  |TAMS 0x00000007071ffff8, 0x00000007071ffff8| Untracked 
|  27|0x0000000707200000, 0x00000007073ffff8, 0x0000000707400000| 99%| O|  |TAMS 0x00000007073ffff8, 0x00000007073ffff8| Untracked 
|  28|0x0000000707400000, 0x00000007075f8cd8, 0x0000000707600000| 98%| O|  |TAMS 0x00000007075f8cd8, 0x00000007075f8cd8| Untracked 
|  29|0x0000000707600000, 0x00000007077ffff0, 0x0000000707800000| 99%| O|  |TAMS 0x00000007077ffff0, 0x00000007077ffff0| Untracked 
|  30|0x0000000707800000, 0x00000007079ffff0, 0x0000000707a00000| 99%| O|  |TAMS 0x00000007079ffff0, 0x00000007079ffff0| Untracked 
|  31|0x0000000707a00000, 0x0000000707bffff8, 0x0000000707c00000| 99%| O|  |TAMS 0x0000000707bffff8, 0x0000000707bffff8| Untracked 
|  32|0x0000000707c00000, 0x0000000707dfff80, 0x0000000707e00000| 99%| O|  |TAMS 0x0000000707dfff80, 0x0000000707dfff80| Untracked 
|  33|0x0000000707e00000, 0x0000000707ffffb8, 0x0000000708000000| 99%| O|  |TAMS 0x0000000707ffffb8, 0x0000000707ffffb8| Untracked 
|  34|0x0000000708000000, 0x00000007081fffd0, 0x0000000708200000| 99%| O|  |TAMS 0x00000007081fffd0, 0x00000007081fffd0| Untracked 
|  35|0x0000000708200000, 0x00000007083fffb0, 0x0000000708400000| 99%| O|  |TAMS 0x00000007083fffb0, 0x00000007083fffb0| Untracked 
|  36|0x0000000708400000, 0x00000007085fffe8, 0x0000000708600000| 99%| O|  |TAMS 0x00000007085fffe8, 0x00000007085fffe8| Untracked 
|  37|0x0000000708600000, 0x000000070870ca10, 0x0000000708800000| 52%| O|  |TAMS 0x000000070870ca10, 0x000000070870ca10| Untracked 
|  38|0x0000000708800000, 0x0000000708998108, 0x0000000708a00000| 79%| O|  |TAMS 0x0000000708998108, 0x0000000708998108| Untracked 
|  39|0x0000000708a00000, 0x0000000708b7b3c0, 0x0000000708c00000| 74%| O|  |TAMS 0x0000000708b7b3c0, 0x0000000708b7b3c0| Untracked 
|  40|0x0000000708c00000, 0x0000000708dfffe8, 0x0000000708e00000| 99%| O|  |TAMS 0x0000000708dfffe8, 0x0000000708dfffe8| Untracked 
|  41|0x0000000708e00000, 0x0000000709000000, 0x0000000709000000|100%| O|  |TAMS 0x0000000709000000, 0x0000000709000000| Untracked 
|  42|0x0000000709000000, 0x000000070919e690, 0x0000000709200000| 80%| O|  |TAMS 0x000000070919e690, 0x000000070919e690| Untracked 
|  43|0x0000000709200000, 0x0000000709400000, 0x0000000709400000|100%| O|  |TAMS 0x0000000709400000, 0x0000000709400000| Untracked 
|  44|0x0000000709400000, 0x000000070944b260, 0x0000000709600000| 14%| O|  |TAMS 0x000000070944b260, 0x000000070944b260| Untracked 
|  45|0x0000000709600000, 0x000000070967d110, 0x0000000709800000| 24%| O|  |TAMS 0x000000070967d110, 0x000000070967d110| Untracked 
|  46|0x0000000709800000, 0x0000000709800000, 0x0000000709a00000|  0%| F|  |TAMS 0x0000000709800000, 0x0000000709800000| Untracked 
|  47|0x0000000709a00000, 0x0000000709c00000, 0x0000000709c00000|100%| O|  |TAMS 0x0000000709c00000, 0x0000000709c00000| Untracked 
|  48|0x0000000709c00000, 0x0000000709e00000, 0x0000000709e00000|100%| O|  |TAMS 0x0000000709e00000, 0x0000000709e00000| Untracked 
|  49|0x0000000709e00000, 0x000000070a000000, 0x000000070a000000|100%| O|  |TAMS 0x000000070a000000, 0x000000070a000000| Untracked 
|  50|0x000000070a000000, 0x000000070a1f6e00, 0x000000070a200000| 98%| O|  |TAMS 0x000000070a000000, 0x000000070a1f6e00| Untracked 
|  51|0x000000070a200000, 0x000000070a400000, 0x000000070a400000|100%| O|  |TAMS 0x000000070a200000, 0x000000070a400000| Untracked 
|  52|0x000000070a400000, 0x000000070a600000, 0x000000070a600000|100%| O|  |TAMS 0x000000070a600000, 0x000000070a600000| Untracked 
|  53|0x000000070a600000, 0x000000070a800000, 0x000000070a800000|100%| O|  |TAMS 0x000000070a800000, 0x000000070a800000| Untracked 
|  54|0x000000070a800000, 0x000000070aa00000, 0x000000070aa00000|100%| O|  |TAMS 0x000000070aa00000, 0x000000070aa00000| Untracked 
|  55|0x000000070aa00000, 0x000000070ac00000, 0x000000070ac00000|100%| O|  |TAMS 0x000000070ac00000, 0x000000070ac00000| Untracked 
|  56|0x000000070ac00000, 0x000000070ad18518, 0x000000070ae00000| 54%| O|  |TAMS 0x000000070ad18518, 0x000000070ad18518| Untracked 
|  57|0x000000070ae00000, 0x000000070b000000, 0x000000070b000000|100%| O|  |TAMS 0x000000070af4d400, 0x000000070b000000| Untracked 
|  58|0x000000070b000000, 0x000000070b200000, 0x000000070b200000|100%| O|  |TAMS 0x000000070b000000, 0x000000070b200000| Untracked 
|  59|0x000000070b200000, 0x000000070b200000, 0x000000070b400000|  0%| F|  |TAMS 0x000000070b200000, 0x000000070b200000| Untracked 
|  60|0x000000070b400000, 0x000000070b400000, 0x000000070b600000|  0%| F|  |TAMS 0x000000070b400000, 0x000000070b400000| Untracked 
|  61|0x000000070b600000, 0x000000070b600000, 0x000000070b800000|  0%| F|  |TAMS 0x000000070b600000, 0x000000070b600000| Untracked 
|  62|0x000000070b800000, 0x000000070b800000, 0x000000070ba00000|  0%| F|  |TAMS 0x000000070b800000, 0x000000070b800000| Untracked 
|  63|0x000000070ba00000, 0x000000070ba00000, 0x000000070bc00000|  0%| F|  |TAMS 0x000000070ba00000, 0x000000070ba00000| Untracked 
|  64|0x000000070bc00000, 0x000000070bc00000, 0x000000070be00000|  0%| F|  |TAMS 0x000000070bc00000, 0x000000070bc00000| Untracked 
|  65|0x000000070be00000, 0x000000070be00000, 0x000000070c000000|  0%| F|  |TAMS 0x000000070be00000, 0x000000070be00000| Untracked 
|  66|0x000000070c000000, 0x000000070c000000, 0x000000070c200000|  0%| F|  |TAMS 0x000000070c000000, 0x000000070c000000| Untracked 
|  67|0x000000070c200000, 0x000000070c200000, 0x000000070c400000|  0%| F|  |TAMS 0x000000070c200000, 0x000000070c200000| Untracked 
|  68|0x000000070c400000, 0x000000070c400000, 0x000000070c600000|  0%| F|  |TAMS 0x000000070c400000, 0x000000070c400000| Untracked 
|  69|0x000000070c600000, 0x000000070c600000, 0x000000070c800000|  0%| F|  |TAMS 0x000000070c600000, 0x000000070c600000| Untracked 
|  70|0x000000070c800000, 0x000000070c800000, 0x000000070ca00000|  0%| F|  |TAMS 0x000000070c800000, 0x000000070c800000| Untracked 
|  71|0x000000070ca00000, 0x000000070ca00000, 0x000000070cc00000|  0%| F|  |TAMS 0x000000070ca00000, 0x000000070ca00000| Untracked 
|  72|0x000000070cc00000, 0x000000070cc00000, 0x000000070ce00000|  0%| F|  |TAMS 0x000000070cc00000, 0x000000070cc00000| Untracked 
|  73|0x000000070ce00000, 0x000000070ce00000, 0x000000070d000000|  0%| F|  |TAMS 0x000000070ce00000, 0x000000070ce00000| Untracked 
|  74|0x000000070d000000, 0x000000070d000000, 0x000000070d200000|  0%| F|  |TAMS 0x000000070d000000, 0x000000070d000000| Untracked 
|  75|0x000000070d200000, 0x000000070d200000, 0x000000070d400000|  0%| F|  |TAMS 0x000000070d200000, 0x000000070d200000| Untracked 
|  76|0x000000070d400000, 0x000000070d400000, 0x000000070d600000|  0%| F|  |TAMS 0x000000070d400000, 0x000000070d400000| Untracked 
|  77|0x000000070d600000, 0x000000070d600000, 0x000000070d800000|  0%| F|  |TAMS 0x000000070d600000, 0x000000070d600000| Untracked 
|  78|0x000000070d800000, 0x000000070d800000, 0x000000070da00000|  0%| F|  |TAMS 0x000000070d800000, 0x000000070d800000| Untracked 
|  79|0x000000070da00000, 0x000000070da00000, 0x000000070dc00000|  0%| F|  |TAMS 0x000000070da00000, 0x000000070da00000| Untracked 
|  80|0x000000070dc00000, 0x000000070dc00000, 0x000000070de00000|  0%| F|  |TAMS 0x000000070dc00000, 0x000000070dc00000| Untracked 
|  81|0x000000070de00000, 0x000000070de00000, 0x000000070e000000|  0%| F|  |TAMS 0x000000070de00000, 0x000000070de00000| Untracked 
|  82|0x000000070e000000, 0x000000070e000000, 0x000000070e200000|  0%| F|  |TAMS 0x000000070e000000, 0x000000070e000000| Untracked 
|  83|0x000000070e200000, 0x000000070e200000, 0x000000070e400000|  0%| F|  |TAMS 0x000000070e200000, 0x000000070e200000| Untracked 
|  84|0x000000070e400000, 0x000000070e400000, 0x000000070e600000|  0%| F|  |TAMS 0x000000070e400000, 0x000000070e400000| Untracked 
|  85|0x000000070e600000, 0x000000070e600000, 0x000000070e800000|  0%| F|  |TAMS 0x000000070e600000, 0x000000070e600000| Untracked 
|  86|0x000000070e800000, 0x000000070e800000, 0x000000070ea00000|  0%| F|  |TAMS 0x000000070e800000, 0x000000070e800000| Untracked 
|  87|0x000000070ea00000, 0x000000070ea00000, 0x000000070ec00000|  0%| F|  |TAMS 0x000000070ea00000, 0x000000070ea00000| Untracked 
|  88|0x000000070ec00000, 0x000000070ec00000, 0x000000070ee00000|  0%| F|  |TAMS 0x000000070ec00000, 0x000000070ec00000| Untracked 
|  89|0x000000070ee00000, 0x000000070ee00000, 0x000000070f000000|  0%| F|  |TAMS 0x000000070ee00000, 0x000000070ee00000| Untracked 
|  90|0x000000070f000000, 0x000000070f000000, 0x000000070f200000|  0%| F|  |TAMS 0x000000070f000000, 0x000000070f000000| Untracked 
|  91|0x000000070f200000, 0x000000070f200000, 0x000000070f400000|  0%| F|  |TAMS 0x000000070f200000, 0x000000070f200000| Untracked 
|  92|0x000000070f400000, 0x000000070f400000, 0x000000070f600000|  0%| F|  |TAMS 0x000000070f400000, 0x000000070f400000| Untracked 
|  93|0x000000070f600000, 0x000000070f600000, 0x000000070f800000|  0%| F|  |TAMS 0x000000070f600000, 0x000000070f600000| Untracked 
|  94|0x000000070f800000, 0x000000070f800000, 0x000000070fa00000|  0%| F|  |TAMS 0x000000070f800000, 0x000000070f800000| Untracked 
|  95|0x000000070fa00000, 0x000000070fa00000, 0x000000070fc00000|  0%| F|  |TAMS 0x000000070fa00000, 0x000000070fa00000| Untracked 
|  96|0x000000070fc00000, 0x000000070fc00000, 0x000000070fe00000|  0%| F|  |TAMS 0x000000070fc00000, 0x000000070fc00000| Untracked 
|  97|0x000000070fe00000, 0x000000070fe00000, 0x0000000710000000|  0%| F|  |TAMS 0x000000070fe00000, 0x000000070fe00000| Untracked 
|  98|0x0000000710000000, 0x0000000710000000, 0x0000000710200000|  0%| F|  |TAMS 0x0000000710000000, 0x0000000710000000| Untracked 
|  99|0x0000000710200000, 0x0000000710213c30, 0x0000000710400000|  3%| S|CS|TAMS 0x0000000710200000, 0x0000000710200000| Complete 
| 100|0x0000000710400000, 0x0000000710600000, 0x0000000710600000|100%| S|CS|TAMS 0x0000000710400000, 0x0000000710400000| Complete 
| 101|0x0000000710600000, 0x0000000710600000, 0x0000000710800000|  0%| F|  |TAMS 0x0000000710600000, 0x0000000710600000| Untracked 
| 102|0x0000000710800000, 0x0000000710800000, 0x0000000710a00000|  0%| F|  |TAMS 0x0000000710800000, 0x0000000710800000| Untracked 
| 103|0x0000000710a00000, 0x0000000710a00000, 0x0000000710c00000|  0%| F|  |TAMS 0x0000000710a00000, 0x0000000710a00000| Untracked 
| 104|0x0000000710c00000, 0x0000000710c00000, 0x0000000710e00000|  0%| F|  |TAMS 0x0000000710c00000, 0x0000000710c00000| Untracked 
| 105|0x0000000710e00000, 0x0000000710e00000, 0x0000000711000000|  0%| F|  |TAMS 0x0000000710e00000, 0x0000000710e00000| Untracked 
| 106|0x0000000711000000, 0x0000000711000000, 0x0000000711200000|  0%| F|  |TAMS 0x0000000711000000, 0x0000000711000000| Untracked 
| 107|0x0000000711200000, 0x0000000711200000, 0x0000000711400000|  0%| F|  |TAMS 0x0000000711200000, 0x0000000711200000| Untracked 
| 108|0x0000000711400000, 0x0000000711400000, 0x0000000711600000|  0%| F|  |TAMS 0x0000000711400000, 0x0000000711400000| Untracked 
| 109|0x0000000711600000, 0x0000000711600000, 0x0000000711800000|  0%| F|  |TAMS 0x0000000711600000, 0x0000000711600000| Untracked 
| 110|0x0000000711800000, 0x0000000711800000, 0x0000000711a00000|  0%| F|  |TAMS 0x0000000711800000, 0x0000000711800000| Untracked 
| 111|0x0000000711a00000, 0x0000000711a00000, 0x0000000711c00000|  0%| F|  |TAMS 0x0000000711a00000, 0x0000000711a00000| Untracked 
| 112|0x0000000711c00000, 0x0000000711c00000, 0x0000000711e00000|  0%| F|  |TAMS 0x0000000711c00000, 0x0000000711c00000| Untracked 
| 113|0x0000000711e00000, 0x0000000711e00000, 0x0000000712000000|  0%| F|  |TAMS 0x0000000711e00000, 0x0000000711e00000| Untracked 
| 114|0x0000000712000000, 0x0000000712000000, 0x0000000712200000|  0%| F|  |TAMS 0x0000000712000000, 0x0000000712000000| Untracked 
| 115|0x0000000712200000, 0x0000000712200000, 0x0000000712400000|  0%| F|  |TAMS 0x0000000712200000, 0x0000000712200000| Untracked 
| 116|0x0000000712400000, 0x0000000712400000, 0x0000000712600000|  0%| F|  |TAMS 0x0000000712400000, 0x0000000712400000| Untracked 
| 117|0x0000000712600000, 0x0000000712600000, 0x0000000712800000|  0%| F|  |TAMS 0x0000000712600000, 0x0000000712600000| Untracked 
| 118|0x0000000712800000, 0x0000000712800000, 0x0000000712a00000|  0%| F|  |TAMS 0x0000000712800000, 0x0000000712800000| Untracked 
| 119|0x0000000712a00000, 0x0000000712a00000, 0x0000000712c00000|  0%| F|  |TAMS 0x0000000712a00000, 0x0000000712a00000| Untracked 
| 120|0x0000000712c00000, 0x0000000712c00000, 0x0000000712e00000|  0%| F|  |TAMS 0x0000000712c00000, 0x0000000712c00000| Untracked 
| 121|0x0000000712e00000, 0x0000000712e00000, 0x0000000713000000|  0%| F|  |TAMS 0x0000000712e00000, 0x0000000712e00000| Untracked 
| 122|0x0000000713000000, 0x0000000713000000, 0x0000000713200000|  0%| F|  |TAMS 0x0000000713000000, 0x0000000713000000| Untracked 
| 123|0x0000000713200000, 0x0000000713200000, 0x0000000713400000|  0%| F|  |TAMS 0x0000000713200000, 0x0000000713200000| Untracked 
| 124|0x0000000713400000, 0x0000000713400000, 0x0000000713600000|  0%| F|  |TAMS 0x0000000713400000, 0x0000000713400000| Untracked 
| 125|0x0000000713600000, 0x0000000713600000, 0x0000000713800000|  0%| F|  |TAMS 0x0000000713600000, 0x0000000713600000| Untracked 
| 126|0x0000000713800000, 0x0000000713800000, 0x0000000713a00000|  0%| F|  |TAMS 0x0000000713800000, 0x0000000713800000| Untracked 
| 127|0x0000000713a00000, 0x0000000713a00000, 0x0000000713c00000|  0%| F|  |TAMS 0x0000000713a00000, 0x0000000713a00000| Untracked 
| 128|0x0000000713c00000, 0x0000000713c00000, 0x0000000713e00000|  0%| F|  |TAMS 0x0000000713c00000, 0x0000000713c00000| Untracked 
| 129|0x0000000713e00000, 0x0000000713e00000, 0x0000000714000000|  0%| F|  |TAMS 0x0000000713e00000, 0x0000000713e00000| Untracked 
| 130|0x0000000714000000, 0x0000000714000000, 0x0000000714200000|  0%| F|  |TAMS 0x0000000714000000, 0x0000000714000000| Untracked 
| 131|0x0000000714200000, 0x0000000714200000, 0x0000000714400000|  0%| F|  |TAMS 0x0000000714200000, 0x0000000714200000| Untracked 
| 132|0x0000000714400000, 0x0000000714400000, 0x0000000714600000|  0%| F|  |TAMS 0x0000000714400000, 0x0000000714400000| Untracked 
| 133|0x0000000714600000, 0x0000000714600000, 0x0000000714800000|  0%| F|  |TAMS 0x0000000714600000, 0x0000000714600000| Untracked 
| 134|0x0000000714800000, 0x0000000714800000, 0x0000000714a00000|  0%| F|  |TAMS 0x0000000714800000, 0x0000000714800000| Untracked 
| 135|0x0000000714a00000, 0x0000000714a00000, 0x0000000714c00000|  0%| F|  |TAMS 0x0000000714a00000, 0x0000000714a00000| Untracked 
| 136|0x0000000714c00000, 0x0000000714c00000, 0x0000000714e00000|  0%| F|  |TAMS 0x0000000714c00000, 0x0000000714c00000| Untracked 
| 137|0x0000000714e00000, 0x0000000714e00000, 0x0000000715000000|  0%| F|  |TAMS 0x0000000714e00000, 0x0000000714e00000| Untracked 
| 138|0x0000000715000000, 0x0000000715000000, 0x0000000715200000|  0%| F|  |TAMS 0x0000000715000000, 0x0000000715000000| Untracked 
| 139|0x0000000715200000, 0x0000000715200000, 0x0000000715400000|  0%| F|  |TAMS 0x0000000715200000, 0x0000000715200000| Untracked 
| 140|0x0000000715400000, 0x0000000715400000, 0x0000000715600000|  0%| F|  |TAMS 0x0000000715400000, 0x0000000715400000| Untracked 
| 141|0x0000000715600000, 0x0000000715600000, 0x0000000715800000|  0%| F|  |TAMS 0x0000000715600000, 0x0000000715600000| Untracked 
| 142|0x0000000715800000, 0x0000000715800000, 0x0000000715a00000|  0%| F|  |TAMS 0x0000000715800000, 0x0000000715800000| Untracked 
| 143|0x0000000715a00000, 0x0000000715a00000, 0x0000000715c00000|  0%| F|  |TAMS 0x0000000715a00000, 0x0000000715a00000| Untracked 
| 144|0x0000000715c00000, 0x0000000715c00000, 0x0000000715e00000|  0%| F|  |TAMS 0x0000000715c00000, 0x0000000715c00000| Untracked 
| 145|0x0000000715e00000, 0x0000000715e00000, 0x0000000716000000|  0%| F|  |TAMS 0x0000000715e00000, 0x0000000715e00000| Untracked 
| 146|0x0000000716000000, 0x0000000716000000, 0x0000000716200000|  0%| F|  |TAMS 0x0000000716000000, 0x0000000716000000| Untracked 
| 147|0x0000000716200000, 0x0000000716200000, 0x0000000716400000|  0%| F|  |TAMS 0x0000000716200000, 0x0000000716200000| Untracked 
| 148|0x0000000716400000, 0x0000000716400000, 0x0000000716600000|  0%| F|  |TAMS 0x0000000716400000, 0x0000000716400000| Untracked 
| 149|0x0000000716600000, 0x0000000716600000, 0x0000000716800000|  0%| F|  |TAMS 0x0000000716600000, 0x0000000716600000| Untracked 
| 150|0x0000000716800000, 0x0000000716800000, 0x0000000716a00000|  0%| F|  |TAMS 0x0000000716800000, 0x0000000716800000| Untracked 
| 151|0x0000000716a00000, 0x0000000716a00000, 0x0000000716c00000|  0%| F|  |TAMS 0x0000000716a00000, 0x0000000716a00000| Untracked 
| 152|0x0000000716c00000, 0x0000000716c00000, 0x0000000716e00000|  0%| F|  |TAMS 0x0000000716c00000, 0x0000000716c00000| Untracked 
| 153|0x0000000716e00000, 0x0000000716e00000, 0x0000000717000000|  0%| F|  |TAMS 0x0000000716e00000, 0x0000000716e00000| Untracked 
| 154|0x0000000717000000, 0x0000000717000000, 0x0000000717200000|  0%| F|  |TAMS 0x0000000717000000, 0x0000000717000000| Untracked 
| 155|0x0000000717200000, 0x0000000717200000, 0x0000000717400000|  0%| F|  |TAMS 0x0000000717200000, 0x0000000717200000| Untracked 
| 156|0x0000000717400000, 0x0000000717400000, 0x0000000717600000|  0%| F|  |TAMS 0x0000000717400000, 0x0000000717400000| Untracked 
| 157|0x0000000717600000, 0x0000000717600000, 0x0000000717800000|  0%| F|  |TAMS 0x0000000717600000, 0x0000000717600000| Untracked 
| 158|0x0000000717800000, 0x0000000717800000, 0x0000000717a00000|  0%| F|  |TAMS 0x0000000717800000, 0x0000000717800000| Untracked 
| 159|0x0000000717a00000, 0x0000000717a00000, 0x0000000717c00000|  0%| F|  |TAMS 0x0000000717a00000, 0x0000000717a00000| Untracked 
| 160|0x0000000717c00000, 0x0000000717c00000, 0x0000000717e00000|  0%| F|  |TAMS 0x0000000717c00000, 0x0000000717c00000| Untracked 
| 161|0x0000000717e00000, 0x0000000717e00000, 0x0000000718000000|  0%| F|  |TAMS 0x0000000717e00000, 0x0000000717e00000| Untracked 
| 162|0x0000000718000000, 0x0000000718000000, 0x0000000718200000|  0%| F|  |TAMS 0x0000000718000000, 0x0000000718000000| Untracked 
| 163|0x0000000718200000, 0x0000000718200000, 0x0000000718400000|  0%| F|  |TAMS 0x0000000718200000, 0x0000000718200000| Untracked 
| 164|0x0000000718400000, 0x0000000718400000, 0x0000000718600000|  0%| F|  |TAMS 0x0000000718400000, 0x0000000718400000| Untracked 
| 165|0x0000000718600000, 0x0000000718600000, 0x0000000718800000|  0%| F|  |TAMS 0x0000000718600000, 0x0000000718600000| Untracked 
| 166|0x0000000718800000, 0x0000000718800000, 0x0000000718a00000|  0%| F|  |TAMS 0x0000000718800000, 0x0000000718800000| Untracked 
| 167|0x0000000718a00000, 0x0000000718a00000, 0x0000000718c00000|  0%| F|  |TAMS 0x0000000718a00000, 0x0000000718a00000| Untracked 
| 168|0x0000000718c00000, 0x0000000718c00000, 0x0000000718e00000|  0%| F|  |TAMS 0x0000000718c00000, 0x0000000718c00000| Untracked 
| 169|0x0000000718e00000, 0x0000000718e00000, 0x0000000719000000|  0%| F|  |TAMS 0x0000000718e00000, 0x0000000718e00000| Untracked 

Card table byte_map: [0x0000028412420000,0x0000028412c10000] _byte_map_base: 0x000002840ec02000

Marking Bits (Prev, Next): (CMBitMap*) 0x000002840b4ccf00, (CMBitMap*) 0x000002840b4ccec0
 Prev Bits: [0x0000028417310000, 0x000002841b220000)
 Next Bits: [0x0000028413400000, 0x0000028417310000)

Polling page: 0x000002840ac40000

Metaspace:

Usage:
  Non-class:     67.56 MB used.
      Class:     10.38 MB used.
       Both:     77.93 MB used.

Virtual space:
  Non-class space:       72.00 MB reserved,      67.94 MB ( 94%) committed,  9 nodes.
      Class space:        1.00 GB reserved,      10.75 MB (  1%) committed,  1 nodes.
             Both:        1.07 GB reserved,      78.69 MB (  7%) committed. 

Chunk freelists:
   Non-Class:  3.19 MB
       Class:  1.07 MB
        Both:  4.27 MB

MaxMetaspaceSize: unlimited
CompressedClassSpaceSize: 1.00 GB
Initial GC threshold: 21.00 MB
Current GC threshold: 131.06 MB
CDS: off
MetaspaceReclaimPolicy: balanced
 - commit_granule_bytes: 65536.
 - commit_granule_words: 8192.
 - virtual_space_node_default_size: 1048576.
 - enlarge_chunks_in_place: 1.
 - new_chunks_are_fully_committed: 0.
 - uncommit_free_chunks: 1.
 - use_allocation_guard: 0.
 - handle_deallocations: 1.


Internal statistics:

num_allocs_failed_limit: 12.
num_arena_births: 1430.
num_arena_deaths: 212.
num_vsnodes_births: 10.
num_vsnodes_deaths: 0.
num_space_committed: 1259.
num_space_uncommitted: 0.
num_chunks_returned_to_freelist: 285.
num_chunks_taken_from_freelist: 4369.
num_chunk_merges: 86.
num_chunk_splits: 2685.
num_chunks_enlarged: 1749.
num_purges: 4.
num_inconsistent_stats: 0.

CodeCache: size=49152Kb used=21261Kb max_used=22948Kb free=27890Kb
 bounds [0x000002840eb20000, 0x00000284101a0000, 0x0000028411b20000]
 total_blobs=12134 nmethods=11505 adapters=555
 compilation: enabled
              stopped_count=0, restarted_count=0
 full_count=0

Compilation events (20 events):
Event: 789.454 Thread 0x0000028424d8f440 nmethod 11641 0x000002840ff68290 code [0x000002840ff68460, 0x000002840ff68758]
Event: 789.454 Thread 0x00000284255b22d0 nmethod 11645 0x000002840ff67f90 code [0x000002840ff68120, 0x000002840ff68208]
Event: 789.454 Thread 0x000002841e8776e0 nmethod 11646 0x000002840ff67c90 code [0x000002840ff67e20, 0x000002840ff67ed8]
Event: 789.454 Thread 0x00000284255b22d0 11647       1       org.apache.http.impl.cookie.PublicSuffixDomainFilter::decorate (25 bytes)
Event: 789.455 Thread 0x0000028424fa86c0 nmethod 11640 0x000002840ff67010 code [0x000002840ff67280, 0x000002840ff67948]
Event: 789.455 Thread 0x000002841e8776e0 11648       1       org.apache.http.impl.cookie.PublicSuffixDomainFilter::<init> (38 bytes)
Event: 789.455 Thread 0x0000028424d8f440 11649       1       org.apache.http.client.methods.AbstractExecutionAwareRequest::isAborted (8 bytes)
Event: 789.455 Thread 0x0000028424d8f440 nmethod 11649 0x000002840ff66c90 code [0x000002840ff66e20, 0x000002840ff66ef8]
Event: 789.455 Thread 0x00000284255b22d0 nmethod 11647 0x000002840ff66590 code [0x000002840ff66780, 0x000002840ff66a98]
Event: 789.456 Thread 0x000002841e8776e0 nmethod 11648 0x000002840ff65b10 code [0x000002840ff65d40, 0x000002840ff662e8]
Event: 789.485 Thread 0x00000284255b22d0 11650       1       org.springframework.http.client.AbstractClientHttpRequest::getHeaders (40 bytes)
Event: 789.485 Thread 0x000002841e8776e0 11651       1       com.fasterxml.jackson.databind.ObjectMapper::getFactory (5 bytes)
Event: 789.486 Thread 0x000002841e8776e0 nmethod 11651 0x000002840ff65810 code [0x000002840ff659a0, 0x000002840ff65a78]
Event: 789.486 Thread 0x00000284255b22d0 nmethod 11650 0x000002840ff65010 code [0x000002840ff651e0, 0x000002840ff65638]
Event: 789.488 Thread 0x00000284255b22d0 11652       1       java.util.IdentityHashMap::isEmpty (13 bytes)
Event: 789.489 Thread 0x00000284255b22d0 nmethod 11652 0x000002840ff64d10 code [0x000002840ff64ea0, 0x000002840ff64f78]
Event: 806.887 Thread 0x000002841e8776e0 11653       1       java.util.concurrent.atomic.AtomicReference::getAndSet (9 bytes)
Event: 806.888 Thread 0x000002841e8776e0 nmethod 11653 0x000002840ff64490 code [0x000002840ff64680, 0x000002840ff64af8]
Event: 807.470 Thread 0x000002841e8776e0 11654       1       org.apache.catalina.loader.WebappLoader::getClassLoader (5 bytes)
Event: 807.470 Thread 0x000002841e8776e0 nmethod 11654 0x000002840ff64190 code [0x000002840ff64320, 0x000002840ff643f8]

GC Heap History (20 events):
Event: 665.362 GC heap after
{Heap after GC invocations=69 (full 3):
 garbage-first heap   total 321536K, used 87912K [0x0000000703c00000, 0x0000000800000000)
  region size 2048K, 0 young (0K), 0 survivors (0K)
 Metaspace       used 78495K, committed 79296K, reserved 1122304K
  class space    used 10493K, committed 10880K, reserved 1048576K
}
Event: 666.042 GC heap before
{Heap before GC invocations=69 (full 3):
 garbage-first heap   total 321536K, used 212840K [0x0000000703c00000, 0x0000000800000000)
  region size 2048K, 61 young (124928K), 0 survivors (0K)
 Metaspace       used 78799K, committed 79616K, reserved 1122304K
  class space    used 10527K, committed 10944K, reserved 1048576K
}
Event: 666.048 GC heap after
{Heap after GC invocations=70 (full 3):
 garbage-first heap   total 321536K, used 94475K [0x0000000703c00000, 0x0000000800000000)
  region size 2048K, 4 young (8192K), 4 survivors (8192K)
 Metaspace       used 78799K, committed 79616K, reserved 1122304K
  class space    used 10527K, committed 10944K, reserved 1048576K
}
Event: 666.630 GC heap before
{Heap before GC invocations=71 (full 3):
 garbage-first heap   total 321536K, used 221451K [0x0000000703c00000, 0x0000000800000000)
  region size 2048K, 66 young (135168K), 4 survivors (8192K)
 Metaspace       used 78830K, committed 79616K, reserved 1122304K
  class space    used 10530K, committed 10944K, reserved 1048576K
}
Event: 666.635 GC heap after
{Heap after GC invocations=72 (full 3):
 garbage-first heap   total 321536K, used 97027K [0x0000000703c00000, 0x0000000800000000)
  region size 2048K, 5 young (10240K), 5 survivors (10240K)
 Metaspace       used 78830K, committed 79616K, reserved 1122304K
  class space    used 10530K, committed 10944K, reserved 1048576K
}
Event: 667.219 GC heap before
{Heap before GC invocations=72 (full 3):
 garbage-first heap   total 321536K, used 230147K [0x0000000703c00000, 0x0000000800000000)
  region size 2048K, 70 young (143360K), 5 survivors (10240K)
 Metaspace       used 79167K, committed 79936K, reserved 1122304K
  class space    used 10564K, committed 10944K, reserved 1048576K
}
Event: 667.226 GC heap after
{Heap after GC invocations=73 (full 3):
 garbage-first heap   total 321536K, used 102833K [0x0000000703c00000, 0x0000000800000000)
  region size 2048K, 8 young (16384K), 8 survivors (16384K)
 Metaspace       used 79167K, committed 79936K, reserved 1122304K
  class space    used 10564K, committed 10944K, reserved 1048576K
}
Event: 667.750 GC heap before
{Heap before GC invocations=74 (full 3):
 garbage-first heap   total 321536K, used 235953K [0x0000000703c00000, 0x0000000800000000)
  region size 2048K, 73 young (149504K), 8 survivors (16384K)
 Metaspace       used 79607K, committed 80384K, reserved 1122304K
  class space    used 10606K, committed 11008K, reserved 1048576K
}
Event: 667.759 GC heap after
{Heap after GC invocations=75 (full 3):
 garbage-first heap   total 321536K, used 106485K [0x0000000703c00000, 0x0000000800000000)
  region size 2048K, 7 young (14336K), 7 survivors (14336K)
 Metaspace       used 79607K, committed 80384K, reserved 1122304K
  class space    used 10606K, committed 11008K, reserved 1048576K
}
Event: 668.221 GC heap before
{Heap before GC invocations=75 (full 3):
 garbage-first heap   total 321536K, used 241653K [0x0000000703c00000, 0x0000000800000000)
  region size 2048K, 73 young (149504K), 7 survivors (14336K)
 Metaspace       used 79717K, committed 80512K, reserved 1122304K
  class space    used 10615K, committed 11008K, reserved 1048576K
}
Event: 668.231 GC heap after
{Heap after GC invocations=76 (full 3):
 garbage-first heap   total 321536K, used 113382K [0x0000000703c00000, 0x0000000800000000)
  region size 2048K, 9 young (18432K), 9 survivors (18432K)
 Metaspace       used 79717K, committed 80512K, reserved 1122304K
  class space    used 10615K, committed 11008K, reserved 1048576K
}
Event: 668.440 GC heap before
{Heap before GC invocations=77 (full 3):
 garbage-first heap   total 348160K, used 248550K [0x0000000703c00000, 0x0000000800000000)
  region size 2048K, 74 young (151552K), 9 survivors (18432K)
 Metaspace       used 79730K, committed 80512K, reserved 1122304K
  class space    used 10618K, committed 11008K, reserved 1048576K
}
Event: 668.449 GC heap after
{Heap after GC invocations=78 (full 3):
 garbage-first heap   total 348160K, used 115685K [0x0000000703c00000, 0x0000000800000000)
  region size 2048K, 5 young (10240K), 5 survivors (10240K)
 Metaspace       used 79730K, committed 80512K, reserved 1122304K
  class space    used 10618K, committed 11008K, reserved 1048576K
}
Event: 668.474 GC heap before
{Heap before GC invocations=78 (full 3):
 garbage-first heap   total 348160K, used 134117K [0x0000000703c00000, 0x0000000800000000)
  region size 2048K, 16 young (32768K), 5 survivors (10240K)
 Metaspace       used 79730K, committed 80512K, reserved 1122304K
  class space    used 10618K, committed 11008K, reserved 1048576K
}
Event: 668.481 GC heap after
{Heap after GC invocations=79 (full 3):
 garbage-first heap   total 348160K, used 122273K [0x0000000703c00000, 0x0000000800000000)
  region size 2048K, 9 young (18432K), 9 survivors (18432K)
 Metaspace       used 79730K, committed 80512K, reserved 1122304K
  class space    used 10618K, committed 11008K, reserved 1048576K
}
Event: 668.986 GC heap before
{Heap before GC invocations=80 (full 3):
 garbage-first heap   total 348160K, used 243105K [0x0000000703c00000, 0x0000000800000000)
  region size 2048K, 68 young (139264K), 9 survivors (18432K)
 Metaspace       used 79737K, committed 80512K, reserved 1122304K
  class space    used 10620K, committed 11008K, reserved 1048576K
}
Event: 668.994 GC heap after
{Heap after GC invocations=81 (full 3):
 garbage-first heap   total 348160K, used 114199K [0x0000000703c00000, 0x0000000800000000)
  region size 2048K, 3 young (6144K), 3 survivors (6144K)
 Metaspace       used 79737K, committed 80512K, reserved 1122304K
  class space    used 10620K, committed 11008K, reserved 1048576K
}
Event: 669.027 GC heap before
{Heap before GC invocations=81 (full 3):
 garbage-first heap   total 348160K, used 122391K [0x0000000703c00000, 0x0000000800000000)
  region size 2048K, 8 young (16384K), 3 survivors (6144K)
 Metaspace       used 79737K, committed 80512K, reserved 1122304K
  class space    used 10620K, committed 11008K, reserved 1048576K
}
Event: 669.031 GC heap after
{Heap after GC invocations=82 (full 3):
 garbage-first heap   total 348160K, used 113299K [0x0000000703c00000, 0x0000000800000000)
  region size 2048K, 1 young (2048K), 1 survivors (2048K)
 Metaspace       used 79737K, committed 80512K, reserved 1122304K
  class space    used 10620K, committed 11008K, reserved 1048576K
}
Event: 817.390 GC heap before
{Heap before GC invocations=82 (full 3):
 garbage-first heap   total 348160K, used 252563K [0x0000000703c00000, 0x0000000800000000)
  region size 2048K, 69 young (141312K), 1 survivors (2048K)
 Metaspace       used 79802K, committed 80576K, reserved 1122304K
  class space    used 10625K, committed 11008K, reserved 1048576K
}

Deoptimization events (20 events):
Event: 5.977 Thread 0x000002842051cb80 DEOPT PACKING pc=0x000002840f03491f sp=0x000000fade0fed10
Event: 5.977 Thread 0x000002842051cb80 DEOPT UNPACKING pc=0x000002840eb76763 sp=0x000000fade0fe168 mode 3
Event: 6.642 Thread 0x0000028420381370 DEOPT PACKING pc=0x000002840f91dc55 sp=0x000000fadd4f8ee0
Event: 6.642 Thread 0x0000028420381370 DEOPT UNPACKING pc=0x000002840eb76763 sp=0x000000fadd4f8428 mode 3
Event: 6.888 Thread 0x0000028420381370 DEOPT PACKING pc=0x000002840f799954 sp=0x000000fadd4fbb60
Event: 6.888 Thread 0x0000028420381370 DEOPT UNPACKING pc=0x000002840eb76763 sp=0x000000fadd4fb068 mode 0
Event: 7.146 Thread 0x0000028420381370 DEOPT PACKING pc=0x000002840f85dfd4 sp=0x000000fadd4faec0
Event: 7.146 Thread 0x0000028420381370 DEOPT UNPACKING pc=0x000002840eb76763 sp=0x000000fadd4fa358 mode 3
Event: 9.276 Thread 0x000002842051d520 DEOPT PACKING pc=0x000002840f95ec34 sp=0x000000faddefefa0
Event: 9.276 Thread 0x000002842051d520 DEOPT UNPACKING pc=0x000002840eb76763 sp=0x000000faddefe520 mode 0
Event: 99.265 Thread 0x0000028425397240 DEOPT PACKING pc=0x000002840ecc0114 sp=0x000000fadc8fcbf0
Event: 99.265 Thread 0x0000028425397240 DEOPT UNPACKING pc=0x000002840eb76763 sp=0x000000fadc8fc0b8 mode 3
Event: 189.338 Thread 0x00000284253980b0 DEOPT PACKING pc=0x000002840ec6af96 sp=0x000000fadd3fdb30
Event: 189.338 Thread 0x00000284253980b0 DEOPT UNPACKING pc=0x000002840eb76763 sp=0x000000fadd3fd090 mode 3
Event: 249.402 Thread 0x0000028424e26430 DEOPT PACKING pc=0x000002840fb68f1b sp=0x000000fade8fe3b0
Event: 249.402 Thread 0x0000028424e26430 DEOPT UNPACKING pc=0x000002840eb76763 sp=0x000000fade8fd8d8 mode 3
Event: 279.430 Thread 0x0000028424e26430 DEOPT PACKING pc=0x000002840fb4c307 sp=0x000000fade8fe520
Event: 279.430 Thread 0x0000028424e26430 DEOPT UNPACKING pc=0x000002840eb76763 sp=0x000000fade8fdaa8 mode 3
Event: 584.137 Thread 0x00000284253963d0 DEOPT PACKING pc=0x000002840f9dcd69 sp=0x000000fadaff5250
Event: 584.137 Thread 0x00000284253963d0 DEOPT UNPACKING pc=0x000002840eb76763 sp=0x000000fadaff4888 mode 3

Classes unloaded (20 events):
Event: 432.767 Thread 0x000002841e8060c0 Unloading class 0x00000008000c6c00 'jdk/internal/reflect/GeneratedConstructorAccessor1'
Event: 432.767 Thread 0x000002841e8060c0 Unloading class 0x00000008000c6000 'java/lang/invoke/LambdaForm$MH+0x00000008000c6000'
Event: 432.767 Thread 0x000002841e8060c0 Unloading class 0x00000008000c5c00 'java/lang/invoke/LambdaForm$MH+0x00000008000c5c00'
Event: 432.767 Thread 0x000002841e8060c0 Unloading class 0x00000008000c5800 'java/lang/invoke/LambdaForm$MH+0x00000008000c5800'
Event: 432.767 Thread 0x000002841e8060c0 Unloading class 0x00000008000c5400 'java/lang/invoke/LambdaForm$MH+0x00000008000c5400'
Event: 432.767 Thread 0x000002841e8060c0 Unloading class 0x00000008000c5000 'java/lang/invoke/LambdaForm$MH+0x00000008000c5000'
Event: 432.767 Thread 0x000002841e8060c0 Unloading class 0x00000008000c4c00 'java/lang/invoke/LambdaForm$MH+0x00000008000c4c00'
Event: 432.767 Thread 0x000002841e8060c0 Unloading class 0x00000008000c3c00 'java/lang/invoke/LambdaForm$MH+0x00000008000c3c00'
Event: 432.767 Thread 0x000002841e8060c0 Unloading class 0x00000008000c3800 'java/lang/invoke/LambdaForm$MH+0x00000008000c3800'
Event: 432.767 Thread 0x000002841e8060c0 Unloading class 0x00000008000c3000 'java/lang/invoke/LambdaForm$MH+0x00000008000c3000'
Event: 432.767 Thread 0x000002841e8060c0 Unloading class 0x00000008000c2400 'java/lang/invoke/LambdaForm$MH+0x00000008000c2400'
Event: 432.767 Thread 0x000002841e8060c0 Unloading class 0x00000008000c1c00 'java/lang/invoke/LambdaForm$MH+0x00000008000c1c00'
Event: 432.767 Thread 0x000002841e8060c0 Unloading class 0x00000008000c1400 'java/lang/invoke/LambdaForm$MH+0x00000008000c1400'
Event: 432.767 Thread 0x000002841e8060c0 Unloading class 0x00000008000c0c00 'java/lang/invoke/LambdaForm$MH+0x00000008000c0c00'
Event: 582.810 Thread 0x000002841e8060c0 Unloading class 0x00000008006c0800 'jdk/internal/reflect/GeneratedConstructorAccessor89'
Event: 582.810 Thread 0x000002841e8060c0 Unloading class 0x00000008007fc400 'jdk/internal/reflect/GeneratedConstructorAccessor88'
Event: 582.810 Thread 0x000002841e8060c0 Unloading class 0x00000008008d0000 'jdk/internal/reflect/GeneratedConstructorAccessor87'
Event: 582.810 Thread 0x000002841e8060c0 Unloading class 0x0000000800904000 'jdk/internal/reflect/GeneratedConstructorAccessor86'
Event: 582.810 Thread 0x000002841e8060c0 Unloading class 0x0000000800914000 'jdk/internal/reflect/GeneratedConstructorAccessor85'
Event: 582.810 Thread 0x000002841e8060c0 Unloading class 0x0000000800960000 'jdk/internal/reflect/GeneratedSerializationConstructorAccessor25'

Classes redefined (0 events):
No events

Internal exceptions (20 events):
Event: 789.456 Thread 0x000002842051b370 Exception <a 'java/net/ConnectException'{0x0000000710ec5f38}: Connection refused: connect> (0x0000000710ec5f38) 
thrown [e:\jenkins\tmp\workspace\build\src\src\hotspot\share\prims\jni.cpp, line 535]
Event: 789.456 Thread 0x000002842051b370 Exception <a 'java/net/SocketException'{0x0000000710ec6518}: Socket is not connected: shutdown> (0x0000000710ec6518) 
thrown [e:\jenkins\tmp\workspace\build\src\src\hotspot\share\prims\jni.cpp, line 535]
Event: 789.456 Thread 0x000002842051b370 Exception <a 'java/net/ConnectException'{0x0000000710ec7008}: Connection refused: connect> (0x0000000710ec7008) 
thrown [e:\jenkins\tmp\workspace\build\src\src\hotspot\share\prims\jni.cpp, line 535]
Event: 789.457 Thread 0x000002842051b370 Exception <a 'java/net/SocketException'{0x0000000710ec75e8}: Socket is not connected: shutdown> (0x0000000710ec75e8) 
thrown [e:\jenkins\tmp\workspace\build\src\src\hotspot\share\prims\jni.cpp, line 535]
Event: 789.488 Thread 0x00000284253968a0 Exception <a 'java/net/ConnectException'{0x0000000710f8d5a0}: Connection refused: connect> (0x0000000710f8d5a0) 
thrown [e:\jenkins\tmp\workspace\build\src\src\hotspot\share\prims\jni.cpp, line 535]
Event: 789.488 Thread 0x00000284253968a0 Exception <a 'java/net/SocketException'{0x0000000710f8db80}: Socket is not connected: shutdown> (0x0000000710f8db80) 
thrown [e:\jenkins\tmp\workspace\build\src\src\hotspot\share\prims\jni.cpp, line 535]
Event: 789.488 Thread 0x00000284253968a0 Exception <a 'java/net/ConnectException'{0x0000000710f8e670}: Connection refused: connect> (0x0000000710f8e670) 
thrown [e:\jenkins\tmp\workspace\build\src\src\hotspot\share\prims\jni.cpp, line 535]
Event: 789.488 Thread 0x00000284253968a0 Exception <a 'java/net/SocketException'{0x0000000710f8ec50}: Socket is not connected: shutdown> (0x0000000710f8ec50) 
thrown [e:\jenkins\tmp\workspace\build\src\src\hotspot\share\prims\jni.cpp, line 535]
Event: 796.812 Thread 0x0000028425396d70 Exception <a 'java/net/ConnectException'{0x0000000713f72400}: Connection refused: no further information> (0x0000000713f72400) 
thrown [e:\jenkins\tmp\workspace\build\src\src\hotspot\share\prims\jni.cpp, line 535]
Event: 796.812 Thread 0x0000028425396d70 Exception <a 'java/net/SocketException'{0x0000000713f72738}: Socket is not connected: shutdown> (0x0000000713f72738) 
thrown [e:\jenkins\tmp\workspace\build\src\src\hotspot\share\prims\jni.cpp, line 535]
Event: 796.885 Thread 0x0000028425392ee0 Exception <a 'java/net/ConnectException'{0x0000000713fae370}: Connection refused: no further information> (0x0000000713fae370) 
thrown [e:\jenkins\tmp\workspace\build\src\src\hotspot\share\prims\jni.cpp, line 535]
Event: 796.885 Thread 0x0000028425392ee0 Exception <a 'java/net/SocketException'{0x0000000713fae6a8}: Socket is not connected: shutdown> (0x0000000713fae6a8) 
thrown [e:\jenkins\tmp\workspace\build\src\src\hotspot\share\prims\jni.cpp, line 535]
Event: 806.824 Thread 0x0000028425396d70 Exception <a 'java/net/ConnectException'{0x0000000713f73e68}: Connection refused: no further information> (0x0000000713f73e68) 
thrown [e:\jenkins\tmp\workspace\build\src\src\hotspot\share\prims\jni.cpp, line 535]
Event: 806.824 Thread 0x0000028425396d70 Exception <a 'java/net/SocketException'{0x0000000713f741a0}: Socket is not connected: shutdown> (0x0000000713f741a0) 
thrown [e:\jenkins\tmp\workspace\build\src\src\hotspot\share\prims\jni.cpp, line 535]
Event: 806.887 Thread 0x0000028425392ee0 Exception <a 'java/net/ConnectException'{0x0000000713fb0100}: Connection refused: no further information> (0x0000000713fb0100) 
thrown [e:\jenkins\tmp\workspace\build\src\src\hotspot\share\prims\jni.cpp, line 535]
Event: 806.887 Thread 0x0000028425392ee0 Exception <a 'java/net/SocketException'{0x0000000713fb0438}: Socket is not connected: shutdown> (0x0000000713fb0438) 
thrown [e:\jenkins\tmp\workspace\build\src\src\hotspot\share\prims\jni.cpp, line 535]
Event: 816.825 Thread 0x0000028425396d70 Exception <a 'java/net/ConnectException'{0x0000000713f758d0}: Connection refused: no further information> (0x0000000713f758d0) 
thrown [e:\jenkins\tmp\workspace\build\src\src\hotspot\share\prims\jni.cpp, line 535]
Event: 816.826 Thread 0x0000028425396d70 Exception <a 'java/net/SocketException'{0x0000000713f75c08}: Socket is not connected: shutdown> (0x0000000713f75c08) 
thrown [e:\jenkins\tmp\workspace\build\src\src\hotspot\share\prims\jni.cpp, line 535]
Event: 816.899 Thread 0x0000028425392ee0 Exception <a 'java/net/ConnectException'{0x0000000713fb1e90}: Connection refused: no further information> (0x0000000713fb1e90) 
thrown [e:\jenkins\tmp\workspace\build\src\src\hotspot\share\prims\jni.cpp, line 535]
Event: 816.899 Thread 0x0000028425392ee0 Exception <a 'java/net/SocketException'{0x0000000713fb21c8}: Socket is not connected: shutdown> (0x0000000713fb21c8) 
thrown [e:\jenkins\tmp\workspace\build\src\src\hotspot\share\prims\jni.cpp, line 535]

VM Operations (20 events):
Event: 669.399 Executing VM operation: ICBufferFull done
Event: 669.400 Executing VM operation: ICBufferFull
Event: 669.400 Executing VM operation: ICBufferFull done
Event: 669.401 Executing VM operation: ICBufferFull
Event: 669.401 Executing VM operation: ICBufferFull done
Event: 669.413 Executing VM operation: ICBufferFull
Event: 669.414 Executing VM operation: ICBufferFull done
Event: 670.426 Executing VM operation: Cleanup
Event: 670.427 Executing VM operation: Cleanup done
Event: 686.558 Executing VM operation: Cleanup
Event: 686.558 Executing VM operation: Cleanup done
Event: 687.569 Executing VM operation: Cleanup
Event: 687.569 Executing VM operation: Cleanup done
Event: 729.860 Executing VM operation: Cleanup
Event: 729.861 Executing VM operation: Cleanup done
Event: 746.867 Executing VM operation: Cleanup
Event: 746.867 Executing VM operation: Cleanup done
Event: 789.883 Executing VM operation: Cleanup
Event: 789.883 Executing VM operation: Cleanup done
Event: 817.390 Executing VM operation: G1CollectForAllocation

Events (20 events):
Event: 669.415 Thread 0x000002842051d520 Thread added: 0x000002842051d520
Event: 669.415 Thread 0x000002842051c6b0 Thread added: 0x000002842051c6b0
Event: 669.418 Thread 0x000002842051e390 Thread added: 0x000002842051e390
Event: 669.419 Thread 0x000002842051b370 Thread added: 0x000002842051b370
Event: 669.421 Thread 0x000002842051e390 Thread exited: 0x000002842051e390
Event: 669.422 Thread 0x000002842051b370 Thread exited: 0x000002842051b370
Event: 669.487 Thread 0x0000028425398580 Thread exited: 0x0000028425398580
Event: 669.487 Thread 0x0000028425397240 Thread exited: 0x0000028425397240
Event: 674.501 Thread 0x00000284255b53e0 Thread exited: 0x00000284255b53e0
Event: 699.391 Thread 0x000002842051b370 Thread added: 0x000002842051b370
Event: 699.392 Thread 0x000002842051d9f0 Thread added: 0x000002842051d9f0
Event: 746.012 Thread 0x000002842051aea0 Thread exited: 0x000002842051aea0
Event: 746.012 Thread 0x000002842051b840 Thread exited: 0x000002842051b840
Event: 746.027 Thread 0x000002842051c1e0 Thread exited: 0x000002842051c1e0
Event: 789.444 Thread 0x0000028424d8f440 Thread added: 0x0000028424d8f440
Event: 789.444 Thread 0x00000284255b22d0 Thread added: 0x00000284255b22d0
Event: 789.444 Thread 0x0000028424fa86c0 Thread added: 0x0000028424fa86c0
Event: 794.488 Thread 0x0000028424fa86c0 Thread exited: 0x0000028424fa86c0
Event: 799.488 Thread 0x00000284255b22d0 Thread exited: 0x00000284255b22d0
Event: 804.488 Thread 0x0000028424d8f440 Thread exited: 0x0000028424d8f440


Dynamic libraries:
0x00007ff7ea410000 - 0x00007ff7ea41e000 	C:\tools\softwares\sts-4.14.1.RELEASE\plugins\org.eclipse.justj.openjdk.hotspot.jre.full.win32.x86_64_17.0.2.v20220201-1208\jre\bin\javaw.exe
0x00007fff97ab0000 - 0x00007fff97ca5000 	C:\Windows\SYSTEM32\ntdll.dll
0x00007fff97530000 - 0x00007fff975ed000 	C:\Windows\System32\KERNEL32.DLL
0x00007fff95300000 - 0x00007fff955cd000 	C:\Windows\System32\KERNELBASE.dll
0x00007fff95650000 - 0x00007fff95750000 	C:\Windows\System32\ucrtbase.dll
0x00007fff74630000 - 0x00007fff74648000 	C:\tools\softwares\sts-4.14.1.RELEASE\plugins\org.eclipse.justj.openjdk.hotspot.jre.full.win32.x86_64_17.0.2.v20220201-1208\jre\bin\jli.dll
0x00007fff6a070000 - 0x00007fff6a089000 	C:\tools\softwares\sts-4.14.1.RELEASE\plugins\org.eclipse.justj.openjdk.hotspot.jre.full.win32.x86_64_17.0.2.v20220201-1208\jre\bin\VCRUNTIME140.dll
0x00007fff95d90000 - 0x00007fff95f30000 	C:\Windows\System32\USER32.dll
0x00007fff95750000 - 0x00007fff95772000 	C:\Windows\System32\win32u.dll
0x00007fff82b10000 - 0x00007fff82daa000 	C:\Windows\WinSxS\amd64_microsoft.windows.common-controls_6595b64144ccf1df_6.0.19041.1110_none_60b5254171f9507e\COMCTL32.dll
0x00007fff969f0000 - 0x00007fff96a1a000 	C:\Windows\System32\GDI32.dll
0x00007fff975f0000 - 0x00007fff9768e000 	C:\Windows\System32\msvcrt.dll
0x00007fff959f0000 - 0x00007fff95afb000 	C:\Windows\System32\gdi32full.dll
0x00007fff95950000 - 0x00007fff959ed000 	C:\Windows\System32\msvcp_win.dll
0x00007fff95ba0000 - 0x00007fff95bd0000 	C:\Windows\System32\IMM32.DLL
0x00007fff765a0000 - 0x00007fff765ac000 	C:\tools\softwares\sts-4.14.1.RELEASE\plugins\org.eclipse.justj.openjdk.hotspot.jre.full.win32.x86_64_17.0.2.v20220201-1208\jre\bin\vcruntime140_1.dll
0x00007fff366a0000 - 0x00007fff36731000 	C:\tools\softwares\sts-4.14.1.RELEASE\plugins\org.eclipse.justj.openjdk.hotspot.jre.full.win32.x86_64_17.0.2.v20220201-1208\jre\bin\msvcp140.dll
0x00007fff12d60000 - 0x00007fff139a7000 	C:\tools\softwares\sts-4.14.1.RELEASE\plugins\org.eclipse.justj.openjdk.hotspot.jre.full.win32.x86_64_17.0.2.v20220201-1208\jre\bin\server\jvm.dll
0x00007fff95ce0000 - 0x00007fff95d8e000 	C:\Windows\System32\ADVAPI32.dll
0x00007fff95b00000 - 0x00007fff95b9c000 	C:\Windows\System32\sechost.dll
0x00007fff96c60000 - 0x00007fff96d85000 	C:\Windows\System32\RPCRT4.dll
0x00007fff96a80000 - 0x00007fff96a88000 	C:\Windows\System32\PSAPI.DLL
0x00007fff7d630000 - 0x00007fff7d657000 	C:\Windows\SYSTEM32\WINMM.dll
0x00007fff8f4c0000 - 0x00007fff8f4ca000 	C:\Windows\SYSTEM32\VERSION.dll
0x00007fff7b760000 - 0x00007fff7b769000 	C:\Windows\SYSTEM32\WSOCK32.dll
0x00007fff96980000 - 0x00007fff969eb000 	C:\Windows\System32\WS2_32.dll
0x00007fff93a40000 - 0x00007fff93a52000 	C:\Windows\SYSTEM32\kernel.appcore.dll
0x00007fff90230000 - 0x00007fff9023a000 	C:\tools\softwares\sts-4.14.1.RELEASE\plugins\org.eclipse.justj.openjdk.hotspot.jre.full.win32.x86_64_17.0.2.v20220201-1208\jre\bin\jimage.dll
0x00007fff93750000 - 0x00007fff93934000 	C:\Windows\SYSTEM32\DBGHELP.DLL
0x00007fff83610000 - 0x00007fff8363c000 	C:\Windows\SYSTEM32\dbgcore.DLL
0x00007fff95270000 - 0x00007fff952f2000 	C:\Windows\System32\bcryptPrimitives.dll
0x00007fff74a30000 - 0x00007fff74a55000 	C:\tools\softwares\sts-4.14.1.RELEASE\plugins\org.eclipse.justj.openjdk.hotspot.jre.full.win32.x86_64_17.0.2.v20220201-1208\jre\bin\java.dll
0x00007fff74580000 - 0x00007fff74598000 	C:\tools\softwares\sts-4.14.1.RELEASE\plugins\org.eclipse.justj.openjdk.hotspot.jre.full.win32.x86_64_17.0.2.v20220201-1208\jre\bin\zip.dll
0x00007fff96080000 - 0x00007fff967c4000 	C:\Windows\System32\SHELL32.dll
0x00007fff92fb0000 - 0x00007fff93744000 	C:\Windows\SYSTEM32\windows.storage.dll
0x00007fff97710000 - 0x00007fff97a64000 	C:\Windows\System32\combase.dll
0x00007fff94c20000 - 0x00007fff94c4c000 	C:\Windows\SYSTEM32\Wldp.dll
0x00007fff95c30000 - 0x00007fff95cdd000 	C:\Windows\System32\SHCORE.dll
0x00007fff96e70000 - 0x00007fff96ec5000 	C:\Windows\System32\shlwapi.dll
0x00007fff95100000 - 0x00007fff9511f000 	C:\Windows\SYSTEM32\profapi.dll
0x00007fff6a810000 - 0x00007fff6a829000 	C:\tools\softwares\sts-4.14.1.RELEASE\plugins\org.eclipse.justj.openjdk.hotspot.jre.full.win32.x86_64_17.0.2.v20220201-1208\jre\bin\net.dll
0x00007fff90690000 - 0x00007fff9079a000 	C:\Windows\SYSTEM32\WINHTTP.dll
0x00007fff94980000 - 0x00007fff949ea000 	C:\Windows\system32\mswsock.dll
0x00007fff6a7f0000 - 0x00007fff6a805000 	C:\tools\softwares\sts-4.14.1.RELEASE\plugins\org.eclipse.justj.openjdk.hotspot.jre.full.win32.x86_64_17.0.2.v20220201-1208\jre\bin\nio.dll
0x00007fff74f50000 - 0x00007fff74f59000 	C:\tools\softwares\sts-4.14.1.RELEASE\plugins\org.eclipse.justj.openjdk.hotspot.jre.full.win32.x86_64_17.0.2.v20220201-1208\jre\bin\management.dll
0x00007fff74a70000 - 0x00007fff74a7b000 	C:\tools\softwares\sts-4.14.1.RELEASE\plugins\org.eclipse.justj.openjdk.hotspot.jre.full.win32.x86_64_17.0.2.v20220201-1208\jre\bin\management_ext.dll
0x00007fff76700000 - 0x00007fff76717000 	C:\Windows\system32\napinsp.dll
0x00007fff766e0000 - 0x00007fff766fb000 	C:\Windows\system32\pnrpnsp.dll
0x00007fff766c0000 - 0x00007fff766d5000 	C:\Windows\system32\wshbth.dll
0x00007fff907b0000 - 0x00007fff907cd000 	C:\Windows\system32\NLAapi.dll
0x00007fff94620000 - 0x00007fff9465b000 	C:\Windows\SYSTEM32\IPHLPAPI.DLL
0x00007fff946b0000 - 0x00007fff9477b000 	C:\Windows\SYSTEM32\DNSAPI.dll
0x00007fff95f30000 - 0x00007fff95f38000 	C:\Windows\System32\NSI.dll
0x00007fff766a0000 - 0x00007fff766b2000 	C:\Windows\System32\winrnr.dll
0x00007fff8a990000 - 0x00007fff8a99a000 	C:\Windows\System32\rasadhlp.dll
0x00007fff89610000 - 0x00007fff89690000 	C:\Windows\System32\fwpuclnt.dll
0x00007fff95620000 - 0x00007fff95647000 	C:\Windows\System32\bcrypt.dll
0x00007fff94b70000 - 0x00007fff94b88000 	C:\Windows\SYSTEM32\CRYPTSP.dll
0x00007fff94290000 - 0x00007fff942c4000 	C:\Windows\system32\rsaenh.dll
0x00007fff95080000 - 0x00007fff950ae000 	C:\Windows\SYSTEM32\USERENV.dll
0x00007fff94b90000 - 0x00007fff94b9c000 	C:\Windows\SYSTEM32\CRYPTBASE.dll
0x00007fff8abb0000 - 0x00007fff8abc7000 	C:\Windows\SYSTEM32\dhcpcsvc6.DLL
0x00007fff8e9a0000 - 0x00007fff8e9bd000 	C:\Windows\SYSTEM32\dhcpcsvc.DLL
0x00007fff7de80000 - 0x00007fff7de90000 	C:\tools\softwares\sts-4.14.1.RELEASE\plugins\org.eclipse.justj.openjdk.hotspot.jre.full.win32.x86_64_17.0.2.v20220201-1208\jre\bin\verify.dll
0x00007fff7be00000 - 0x00007fff7be0e000 	C:\tools\softwares\sts-4.14.1.RELEASE\plugins\org.eclipse.justj.openjdk.hotspot.jre.full.win32.x86_64_17.0.2.v20220201-1208\jre\bin\sunmscapi.dll
0x00007fff957f0000 - 0x00007fff95946000 	C:\Windows\System32\CRYPT32.dll
0x00007fff94c90000 - 0x00007fff94cb7000 	C:\Windows\SYSTEM32\ncrypt.dll
0x00007fff94c50000 - 0x00007fff94c8b000 	C:\Windows\SYSTEM32\NTASN1.dll
0x00007fff8f6e0000 - 0x00007fff8f6e7000 	C:\Windows\system32\wshunix.dll

dbghelp: loaded successfully - version: 4.0.5 - missing functions: none
symbol engine: initialized successfully - sym options: 0x614 - pdb path: .;C:\tools\softwares\sts-4.14.1.RELEASE\plugins\org.eclipse.justj.openjdk.hotspot.jre.full.win32.x86_64_17.0.2.v20220201-1208\jre\bin;C:\Windows\SYSTEM32;C:\Windows\WinSxS\amd64_microsoft.windows.common-controls_6595b64144ccf1df_6.0.19041.1110_none_60b5254171f9507e;C:\tools\softwares\sts-4.14.1.RELEASE\plugins\org.eclipse.justj.openjdk.hotspot.jre.full.win32.x86_64_17.0.2.v20220201-1208\jre\bin\server

VM Arguments:
jvm_args: -Dcom.sun.management.jmxremote -Dcom.sun.management.jmxremote.port=62044 -Dcom.sun.management.jmxremote.authenticate=false -Dcom.sun.management.jmxremote.ssl=false -Djava.rmi.server.hostname=localhost -Dspring.jmx.enabled=true -Dspring.application.admin.enabled=true -XX:TieredStopAtLevel=1 -Dspring.boot.project.name=product-categories-service -Dfile.encoding=UTF-8 -XX:+ShowCodeDetailsInExceptionMessages 
java_command: com.mrmrscart.productcategoriesservice.ProductCategoriesServiceApplication --spring.output.ansi.enabled=always
java_class_path (initial): D:\projects\MRMRSCART\mrmrscart 06-06-22\client_mrmrscart_backend_java-springboot\product-categories-service\target\classes;C:\Users\User\.m2\repository\org\springframework\boot\spring-boot-starter-actuator\2.6.8\spring-boot-starter-actuator-2.6.8.jar;C:\Users\User\.m2\repository\org\springframework\boot\spring-boot-starter\2.6.8\spring-boot-starter-2.6.8.jar;C:\Users\User\.m2\repository\org\springframework\boot\spring-boot-starter-logging\2.6.8\spring-boot-starter-logging-2.6.8.jar;C:\Users\User\.m2\repository\ch\qos\logback\logback-classic\1.2.11\logback-classic-1.2.11.jar;C:\Users\User\.m2\repository\ch\qos\logback\logback-core\1.2.11\logback-core-1.2.11.jar;C:\Users\User\.m2\repository\org\apache\logging\log4j\log4j-to-slf4j\2.17.2\log4j-to-slf4j-2.17.2.jar;C:\Users\User\.m2\repository\org\apache\logging\log4j\log4j-api\2.17.2\log4j-api-2.17.2.jar;C:\Users\User\.m2\repository\org\slf4j\jul-to-slf4j\1.7.36\jul-to-slf4j-1.7.36.jar;C:\Users\User\.m2\repository\jakarta\annotation\jakarta.annotation-api\1.3.5\jakarta.annotation-api-1.3.5.jar;C:\Users\User\.m2\repository\org\yaml\snakeyaml\1.29\snakeyaml-1.29.jar;C:\Users\User\.m2\repository\org\springframework\boot\spring-boot-actuator-autoconfigure\2.6.8\spring-boot-actuator-autoconfigure-2.6.8.jar;C:\Users\User\.m2\repository\org\springframework\boot\spring-boot-actuator\2.6.8\spring-boot-actuator-2.6.8.jar;C:\Users\User\.m2\repository\com\fasterxml\jackson\core\jackson-databind\2.13.3\jackson-databind-2.13.3.jar;C:\Users\User\.m2\repository\com\fasterxml\jackson\datatype\jackson-datatype-jsr310\2.13.3\jackson-datatype-jsr310-2.13.3.jar;C:\Users\User\.m2\repository\io\micrometer\micrometer-core\1.8.6\micrometer-core-1.8.6.jar;C:\Users\User\.m2\repository\org\hdrhistogram\HdrHistogram\2.1.12\HdrHistogram-2.1.12.jar;C:\Users\User\.m2\repository\org\latencyutils\LatencyUtils\2.0.3\LatencyUtils-2.0.3.jar;C:\Users\User\.m2\repository\org\springframework\boot\spring-boot-starter-amqp\2.6.8\sp
Launcher Type: SUN_STANDARD

[Global flags]
     intx CICompilerCount                          = 4                                         {product} {ergonomic}
     uint ConcGCThreads                            = 2                                         {product} {ergonomic}
     uint G1ConcRefinementThreads                  = 8                                         {product} {ergonomic}
   size_t G1HeapRegionSize                         = 2097152                                   {product} {ergonomic}
    uintx GCDrainStackTargetSize                   = 64                                        {product} {ergonomic}
   size_t InitialHeapSize                          = 266338304                                 {product} {ergonomic}
     bool ManagementServer                         = true                                      {product} {command line}
   size_t MarkStackSize                            = 4194304                                   {product} {ergonomic}
   size_t MaxHeapSize                              = 4232052736                                {product} {ergonomic}
   size_t MaxNewSize                               = 2537553920                                {product} {ergonomic}
   size_t MinHeapDeltaBytes                        = 2097152                                   {product} {ergonomic}
   size_t MinHeapSize                              = 8388608                                   {product} {ergonomic}
    uintx NonProfiledCodeHeapSize                  = 0                                      {pd product} {ergonomic}
     bool ProfileInterpreter                       = false                                  {pd product} {command line}
    uintx ProfiledCodeHeapSize                     = 0                                      {pd product} {ergonomic}
     bool ShowCodeDetailsInExceptionMessages       = true                                   {manageable} {command line}
   size_t SoftMaxHeapSize                          = 4232052736                             {manageable} {ergonomic}
     intx TieredStopAtLevel                        = 1                                         {product} {command line}
     bool UseCompressedClassPointers               = true                           {product lp64_product} {ergonomic}
     bool UseCompressedOops                        = true                           {product lp64_product} {ergonomic}
     bool UseG1GC                                  = true                                      {product} {ergonomic}
     bool UseLargePagesIndividualAllocation        = false                                  {pd product} {ergonomic}

Logging:
Log output configuration:
 #0: stdout all=warning uptime,level,tags
 #1: stderr all=off uptime,level,tags

Environment Variables:
JAVA_HOME=C:\Program Files\Java\jdk1.8.0_202
PATH=C:/tools/softwares/sts-4.14.1.RELEASE//plugins/org.eclipse.justj.openjdk.hotspot.jre.full.win32.x86_64_17.0.2.v20220201-1208/jre/bin/server;C:/tools/softwares/sts-4.14.1.RELEASE//plugins/org.eclipse.justj.openjdk.hotspot.jre.full.win32.x86_64_17.0.2.v20220201-1208/jre/bin;C:\tools\softwares\VSCode-win32-x64-1.63.2\bin;C:\Program Files\nodejs\;C:\Program Files\Java\jdk1.8.0_202\bin;C:\Program Files\apache-maven-3.8.4\bin;C:\Program Files\mongodb\Server\5.0\bin;C:\Program Files\RabbitMQ Server\rabbitmq_server-3.10.1\sbin;C:\Program Files\MySQL\MySQL Shell 8.0\bin\;C:\Users\User\AppData\Local\Microsoft\WindowsApps;C:\Users\User\AppData\Roaming\npm;C:\tools\softwares\sts-4.14.1.RELEASE;
USERNAME=Sudharshan B S
OS=Windows_NT
PROCESSOR_IDENTIFIER=Intel64 Family 6 Model 140 Stepping 1, GenuineIntel



---------------  S Y S T E M  ---------------

OS:
 Windows 10 , 64 bit Build 19041 (10.0.19041.1706)
OS uptime: 18 days 4:14 hours

CPU: total 8 (initial active 8) (4 cores per cpu, 2 threads per core) family 6 model 140 stepping 1 microcode 0x86, cx8, cmov, fxsr, ht, mmx, 3dnowpref, sse, sse2, sse3, ssse3, sse4.1, sse4.2, popcnt, lzcnt, tsc, tscinvbit, avx, avx2, aes, erms, clmul, bmi1, bmi2, adx, avx512f, avx512dq, avx512cd, avx512bw, avx512vl, sha, fma, vzeroupper, avx512_vpopcntdq, avx512_vpclmulqdq, avx512_vaes, avx512_vnni, clflush, clflushopt, clwb, avx512_vbmi2, avx512_vbmi

Memory: 4k page, system-wide physical 16140M (2467M free)
TotalPageFile size 35188M (AvailPageFile size 335M)
current process WorkingSet (physical memory assigned to process): 533M, peak: 662M
current process commit charge ("private bytes"): 570M, peak: 910M

vm_info: OpenJDK 64-Bit Server VM (17.0.2+8) for windows-amd64 JRE (17.0.2+8), built on Jan 20 2022 04:52:34 by "" with MS VC++ 16.7 (VS2019)

END.
