#
# There is insufficient memory for the Java Runtime Environment to continue.
# Native memory allocation (mmap) failed to map 266338304 bytes for G1 virtual space
# Possible reasons:
#   The system is out of physical RAM or swap space
#   The process is running with CompressedOops enabled, and the Java Heap may be blocking the growth of the native heap
# Possible solutions:
#   Reduce memory load on the system
#   Increase physical memory or swap space
#   Check if swap backing store is full
#   Decrease Java heap size (-Xmx/-Xms)
#   Decrease number of Java threads
#   Decrease Java thread stack sizes (-Xss)
#   Set larger code cache with -XX:ReservedCodeCacheSize=
#   JVM is running with Zero Based Compressed Oops mode in which the Java heap is
#     placed in the first 32GB address space. The Java Heap base address is the
#     maximum limit for the native heap growth. Please use -XX:HeapBaseMinAddress
#     to set the Java Heap base and to place the Java Heap above 32GB virtual address.
# This output file may be truncated or incomplete.
#
#  Out of Memory Error (os_windows.cpp:3532), pid=30532, tid=31892
#
# JRE version: OpenJDK Runtime Environment Temurin-17.0.2+8 (17.0.2+8) (build 17.0.2+8)
# Java VM: OpenJDK 64-Bit Server VM Temurin-17.0.2+8 (17.0.2+8, mixed mode, emulated-client, tiered, compressed oops, compressed class ptrs, g1 gc, windows-amd64)
# No core dump will be written. Minidumps are not enabled by default on client versions of Windows
#

---------------  S U M M A R Y ------------

Command Line: -Dcom.sun.management.jmxremote -Dcom.sun.management.jmxremote.port=53221 -Dcom.sun.management.jmxremote.authenticate=false -Dcom.sun.management.jmxremote.ssl=false -Djava.rmi.server.hostname=localhost -Dspring.jmx.enabled=true -Dspring.application.admin.enabled=true -XX:TieredStopAtLevel=1 -Dspring.boot.project.name=product-categories-service -Dfile.encoding=UTF-8 -XX:+ShowCodeDetailsInExceptionMessages com.mrmrscart.productcategoriesservice.ProductCategoriesServiceApplication --spring.output.ansi.enabled=always

Host: 11th Gen Intel(R) Core(TM) i5-1135G7 @ 2.40GHz, 8 cores, 15G,  Windows 10 , 64 bit Build 19041 (10.0.19041.1706)
Time: Thu Jun  9 17:31:49 2022 India Standard Time elapsed time: 9.842223 seconds (0d 0h 0m 9s)

---------------  T H R E A D  ---------------

Current thread (0x0000013df4b2db00):  VMThread "VM Thread" [stack: 0x0000003d00700000,0x0000003d00800000] [id=31892]

Stack: [0x0000003d00700000,0x0000003d00800000]
Native frames: (J=compiled Java code, j=interpreted, Vv=VM code, C=native code)
V  [jvm.dll+0x67564a]
V  [jvm.dll+0x82fc04]
V  [jvm.dll+0x8313ae]
V  [jvm.dll+0x831a13]
V  [jvm.dll+0x245235]
V  [jvm.dll+0x672539]
V  [jvm.dll+0x666e82]
V  [jvm.dll+0x30401b]
V  [jvm.dll+0x30b566]
V  [jvm.dll+0x35b1fe]
V  [jvm.dll+0x35b42f]
V  [jvm.dll+0x2daf58]
V  [jvm.dll+0x2d920c]
V  [jvm.dll+0x2d87dc]
V  [jvm.dll+0x31c61b]
V  [jvm.dll+0x835ebb]
V  [jvm.dll+0x836bf4]
V  [jvm.dll+0x83710c]
V  [jvm.dll+0x8374e4]
V  [jvm.dll+0x8375b0]
V  [jvm.dll+0x7dff2a]
V  [jvm.dll+0x6744d5]
C  [ucrtbase.dll+0x21bb2]
C  [KERNEL32.DLL+0x17034]
C  [ntdll.dll+0x52651]

VM_Operation (0x0000003d023f9d50): G1CollectForAllocation, mode: safepoint, requested by thread 0x0000013df72f4040


---------------  P R O C E S S  ---------------

Threads class SMR info:
_java_thread_list=0x0000013dfba07800, length=34, elements={
0x0000013de2309430, 0x0000013df5445260, 0x0000013df5445c20, 0x0000013df54619a0,
0x0000013df5462260, 0x0000013df5479b40, 0x0000013df546db80, 0x0000013df5474990,
0x0000013df5475290, 0x0000013df4ae1510, 0x0000013df4ae1bb0, 0x0000013df56b7880,
0x0000013df57060a0, 0x0000013df60a1ea0, 0x0000013df60a2370, 0x0000013df6fa5f80,
0x0000013df6fd7170, 0x0000013df72a4010, 0x0000013df72f4040, 0x0000013df7327040,
0x0000013df7327510, 0x0000013df73279e0, 0x0000013df738cd40, 0x0000013df738eef0,
0x0000013df738d6e0, 0x0000013df738f3c0, 0x0000013df738bed0, 0x0000013df738f890,
0x0000013df738c3a0, 0x0000013df738d210, 0x0000013df738c870, 0x0000013df738dbb0,
0x0000013df738e080, 0x0000013df738e550
}

Java Threads: ( => current thread )
  0x0000013de2309430 JavaThread "main" [_thread_blocked, id=22496, stack(0x0000003d00100000,0x0000003d00200000)]
  0x0000013df5445260 JavaThread "Reference Handler" daemon [_thread_blocked, id=20468, stack(0x0000003d00800000,0x0000003d00900000)]
  0x0000013df5445c20 JavaThread "Finalizer" daemon [_thread_blocked, id=23412, stack(0x0000003d00900000,0x0000003d00a00000)]
  0x0000013df54619a0 JavaThread "Signal Dispatcher" daemon [_thread_blocked, id=14196, stack(0x0000003d00a00000,0x0000003d00b00000)]
  0x0000013df5462260 JavaThread "Attach Listener" daemon [_thread_blocked, id=11968, stack(0x0000003d00b00000,0x0000003d00c00000)]
  0x0000013df5479b40 JavaThread "Service Thread" daemon [_thread_blocked, id=35740, stack(0x0000003d00c00000,0x0000003d00d00000)]
  0x0000013df546db80 JavaThread "Monitor Deflation Thread" daemon [_thread_blocked, id=6588, stack(0x0000003d00d00000,0x0000003d00e00000)]
  0x0000013df5474990 JavaThread "C1 CompilerThread0" daemon [_thread_blocked, id=11376, stack(0x0000003d00e00000,0x0000003d00f00000)]
  0x0000013df5475290 JavaThread "Sweeper thread" daemon [_thread_blocked, id=27848, stack(0x0000003d00f00000,0x0000003d01000000)]
  0x0000013df4ae1510 JavaThread "Common-Cleaner" daemon [_thread_blocked, id=2060, stack(0x0000003d01000000,0x0000003d01100000)]
  0x0000013df4ae1bb0 JavaThread "C1 CompilerThread1" daemon [_thread_blocked, id=11500, stack(0x0000003d01100000,0x0000003d01200000)]
  0x0000013df56b7880 JavaThread "C1 CompilerThread2" daemon [_thread_blocked, id=33904, stack(0x0000003d01200000,0x0000003d01300000)]
  0x0000013df57060a0 JavaThread "Notification Thread" daemon [_thread_blocked, id=30568, stack(0x0000003d01300000,0x0000003d01400000)]
  0x0000013df60a1ea0 JavaThread "RMI TCP Accept-0" daemon [_thread_in_native, id=5552, stack(0x0000003d01400000,0x0000003d01500000)]
  0x0000013df60a2370 JavaThread "RMI TCP Accept-53221" daemon [_thread_in_native, id=660, stack(0x0000003d01500000,0x0000003d01600000)]
  0x0000013df6fa5f80 JavaThread "RMI TCP Accept-0" daemon [_thread_in_native, id=26432, stack(0x0000003d01600000,0x0000003d01700000)]
  0x0000013df6fd7170 JavaThread "C1 CompilerThread3" daemon [_thread_blocked, id=24272, stack(0x0000003d01800000,0x0000003d01900000)]
  0x0000013df72a4010 JavaThread "Thread-0" [_thread_blocked, id=23044, stack(0x0000003d02200000,0x0000003d02300000)]
  0x0000013df72f4040 JavaThread "restartedMain" [_thread_blocked, id=11848, stack(0x0000003d02300000,0x0000003d02400000)]
  0x0000013df7327040 JavaThread "RMI TCP Connection(1)-127.0.0.1" daemon [_thread_in_native, id=8220, stack(0x0000003d02400000,0x0000003d02500000)]
  0x0000013df7327510 JavaThread "RMI Scheduler(0)" daemon [_thread_blocked, id=36004, stack(0x0000003d02500000,0x0000003d02600000)]
  0x0000013df73279e0 JavaThread "RMI TCP Connection(2)-127.0.0.1" daemon [_thread_in_native, id=13040, stack(0x0000003d02600000,0x0000003d02700000)]
  0x0000013df738cd40 JavaThread "JMX server connection timeout 25" daemon [_thread_blocked, id=13592, stack(0x0000003d02700000,0x0000003d02800000)]
  0x0000013df738eef0 JavaThread "pool-1-thread-1" [_thread_blocked, id=17384, stack(0x0000003d02c00000,0x0000003d02d00000)]
  0x0000013df738d6e0 JavaThread "cluster-ClusterId{value='62a1e129a5949f26ad39d7c5', description='null'}-10.10.30.7:27017" daemon [_thread_in_native, id=35172, stack(0x0000003d02e00000,0x0000003d02f00000)]
  0x0000013df738f3c0 JavaThread "cluster-rtt-ClusterId{value='62a1e129a5949f26ad39d7c5', description='null'}-10.10.30.7:27017" daemon [_thread_blocked, id=21884, stack(0x0000003d02f00000,0x0000003d03000000)]
  0x0000013df738bed0 JavaThread "MaintenanceTimer-1-thread-1" daemon [_thread_blocked, id=19100, stack(0x0000003d03000000,0x0000003d03100000)]
  0x0000013df738f890 JavaThread "spring.cloud.inetutils" daemon [_thread_blocked, id=20072, stack(0x0000003d03100000,0x0000003d03200000)]
  0x0000013df738c3a0 JavaThread "Catalina-utility-1" [_thread_blocked, id=10220, stack(0x0000003d03200000,0x0000003d03300000)]
  0x0000013df738d210 JavaThread "Catalina-utility-2" [_thread_blocked, id=3792, stack(0x0000003d03300000,0x0000003d03400000)]
  0x0000013df738c870 JavaThread "container-0" [_thread_blocked, id=28140, stack(0x0000003d03400000,0x0000003d03500000)]
  0x0000013df738dbb0 JavaThread "Live Reload Server" daemon [_thread_in_native, id=11944, stack(0x0000003d03500000,0x0000003d03600000)]
  0x0000013df738e080 JavaThread "java-sdk-http-connection-reaper" daemon [_thread_blocked, id=35436, stack(0x0000003d03600000,0x0000003d03700000)]
  0x0000013df738e550 JavaThread "File Watcher" daemon [_thread_blocked, id=36596, stack(0x0000003d03700000,0x0000003d03800000)]

Other Threads:
=>0x0000013df4b2db00 VMThread "VM Thread" [stack: 0x0000003d00700000,0x0000003d00800000] [id=31892]
  0x0000013de230a2a0 WatcherThread [stack: 0x0000003d01700000,0x0000003d01800000] [id=15020]
  0x0000013de235b880 GCTaskThread "GC Thread#0" [stack: 0x0000003d00200000,0x0000003d00300000] [id=28184]
  0x0000013df70654d0 GCTaskThread "GC Thread#1" [stack: 0x0000003d01900000,0x0000003d01a00000] [id=17368]
  0x0000013df721ed00 GCTaskThread "GC Thread#2" [stack: 0x0000003d01a00000,0x0000003d01b00000] [id=30300]
  0x0000013df721efb0 GCTaskThread "GC Thread#3" [stack: 0x0000003d01b00000,0x0000003d01c00000] [id=32392]
  0x0000013df721f260 GCTaskThread "GC Thread#4" [stack: 0x0000003d01c00000,0x0000003d01d00000] [id=36324]
  0x0000013df71b8840 GCTaskThread "GC Thread#5" [stack: 0x0000003d01d00000,0x0000003d01e00000] [id=19692]
  0x0000013df725ed90 GCTaskThread "GC Thread#6" [stack: 0x0000003d01e00000,0x0000003d01f00000] [id=36332]
  0x0000013df725f040 GCTaskThread "GC Thread#7" [stack: 0x0000003d01f00000,0x0000003d02000000] [id=1272]
  0x0000013de236cab0 ConcurrentGCThread "G1 Main Marker" [stack: 0x0000003d00300000,0x0000003d00400000] [id=23096]
  0x0000013de236d3d0 ConcurrentGCThread "G1 Conc#0" [stack: 0x0000003d00400000,0x0000003d00500000] [id=7564]
  0x0000013df7537850 ConcurrentGCThread "G1 Conc#1" [stack: 0x0000003d02900000,0x0000003d02a00000] [id=28120]
  0x0000013de23c2d70 ConcurrentGCThread "G1 Refine#0" [stack: 0x0000003d00500000,0x0000003d00600000] [id=24996]
  0x0000013df72356c0 ConcurrentGCThread "G1 Refine#1" [stack: 0x0000003d02000000,0x0000003d02100000] [id=18648]
  0x0000013df72359a0 ConcurrentGCThread "G1 Refine#2" [stack: 0x0000003d02100000,0x0000003d02200000] [id=34580]
  0x0000013df91cee50 ConcurrentGCThread "G1 Refine#3" [stack: 0x0000003d02800000,0x0000003d02900000] [id=29192]
  0x0000013df91cf130 ConcurrentGCThread "G1 Refine#4" [stack: 0x0000003d02a00000,0x0000003d02b00000] [id=17064]
  0x0000013df91cf410 ConcurrentGCThread "G1 Refine#5" [stack: 0x0000003d02b00000,0x0000003d02c00000] [id=23428]
  0x0000013de23c36a0 ConcurrentGCThread "G1 Service" [stack: 0x0000003d00600000,0x0000003d00700000] [id=17440]

Threads with active compile tasks:

VM state: at safepoint (normal execution)

VM Mutex/Monitor currently owned by a thread:  ([mutex/lock_event])
[0x0000013de23052e0] Threads_lock - owner thread: 0x0000013df4b2db00
[0x0000013de2305910] Heap_lock - owner thread: 0x0000013df72f4040

Heap address: 0x0000000703c00000, size: 4036 MB, Compressed Oops mode: Zero based, Oop shift amount: 3

CDS archive(s) not mapped
Compressed class space mapped at: 0x0000000800000000-0x0000000840000000, reserved size: 1073741824
Narrow klass base: 0x0000000800000000, Narrow klass shift: 0, Narrow klass range: 0x40000000

GC Precious Log:
 CPUs: 8 total, 8 available
 Memory: 16140M
 Large Page Support: Disabled
 NUMA Support: Disabled
 Compressed Oops: Enabled (Zero based)
 Heap Region Size: 2M
 Heap Min Capacity: 8M
 Heap Initial Capacity: 254M
 Heap Max Capacity: 4036M
 Pre-touch: Disabled
 Parallel Workers: 8
 Concurrent Workers: 2
 Concurrent Refinement Workers: 8
 Periodic GC: Disabled

Heap:
 garbage-first heap   total 260096K, used 92991K [0x0000000703c00000, 0x0000000800000000)
  region size 2048K, 1 young (2048K), 1 survivors (2048K)
 Metaspace       used 69976K, committed 70464K, reserved 1114112K
  class space    used 9359K, committed 9600K, reserved 1048576K

Heap Regions: E=young(eden), S=young(survivor), O=old, HS=humongous(starts), HC=humongous(continues), CS=collection set, F=free, OA=open archive, CA=closed archive, TAMS=top-at-mark-start (previous, next)
|   0|0x0000000703c00000, 0x0000000703e00000, 0x0000000703e00000|100%| O|  |TAMS 0x0000000703e00000, 0x0000000703c00000| Untracked 
|   1|0x0000000703e00000, 0x0000000704000000, 0x0000000704000000|100%| O|  |TAMS 0x0000000704000000, 0x0000000703e00000| Untracked 
|   2|0x0000000704000000, 0x0000000704200000, 0x0000000704200000|100%| O|  |TAMS 0x0000000704200000, 0x0000000704000000| Untracked 
|   3|0x0000000704200000, 0x0000000704400000, 0x0000000704400000|100%| O|  |TAMS 0x0000000704400000, 0x0000000704200000| Untracked 
|   4|0x0000000704400000, 0x0000000704600000, 0x0000000704600000|100%| O|  |TAMS 0x0000000704600000, 0x0000000704400000| Untracked 
|   5|0x0000000704600000, 0x0000000704800000, 0x0000000704800000|100%| O|  |TAMS 0x0000000704800000, 0x0000000704600000| Untracked 
|   6|0x0000000704800000, 0x0000000704a00000, 0x0000000704a00000|100%| O|  |TAMS 0x0000000704a00000, 0x0000000704800000| Untracked 
|   7|0x0000000704a00000, 0x0000000704c00000, 0x0000000704c00000|100%| O|  |TAMS 0x0000000704c00000, 0x0000000704a00000| Untracked 
|   8|0x0000000704c00000, 0x0000000704e00000, 0x0000000704e00000|100%| O|  |TAMS 0x0000000704e00000, 0x0000000704c00000| Untracked 
|   9|0x0000000704e00000, 0x0000000705000000, 0x0000000705000000|100%| O|  |TAMS 0x0000000705000000, 0x0000000704e00000| Untracked 
|  10|0x0000000705000000, 0x0000000705200000, 0x0000000705200000|100%| O|  |TAMS 0x0000000705200000, 0x0000000705000000| Untracked 
|  11|0x0000000705200000, 0x0000000705400000, 0x0000000705400000|100%| O|  |TAMS 0x0000000705400000, 0x0000000705200000| Untracked 
|  12|0x0000000705400000, 0x0000000705600000, 0x0000000705600000|100%| O|  |TAMS 0x0000000705600000, 0x0000000705400000| Untracked 
|  13|0x0000000705600000, 0x0000000705800000, 0x0000000705800000|100%| O|  |TAMS 0x0000000705800000, 0x0000000705600000| Untracked 
|  14|0x0000000705800000, 0x0000000705a00000, 0x0000000705a00000|100%| O|  |TAMS 0x0000000705a00000, 0x0000000705800000| Untracked 
|  15|0x0000000705a00000, 0x0000000705c00000, 0x0000000705c00000|100%| O|  |TAMS 0x0000000705c00000, 0x0000000705a00000| Untracked 
|  16|0x0000000705c00000, 0x0000000705e00000, 0x0000000705e00000|100%| O|  |TAMS 0x0000000705e00000, 0x0000000705c00000| Untracked 
|  17|0x0000000705e00000, 0x0000000706000000, 0x0000000706000000|100%| O|  |TAMS 0x0000000706000000, 0x0000000705e00000| Untracked 
|  18|0x0000000706000000, 0x0000000706200000, 0x0000000706200000|100%| O|  |TAMS 0x0000000706200000, 0x0000000706000000| Untracked 
|  19|0x0000000706200000, 0x0000000706400000, 0x0000000706400000|100%| O|  |TAMS 0x0000000706400000, 0x0000000706200000| Untracked 
|  20|0x0000000706400000, 0x0000000706600000, 0x0000000706600000|100%| O|  |TAMS 0x0000000706600000, 0x0000000706400000| Untracked 
|  21|0x0000000706600000, 0x0000000706800000, 0x0000000706800000|100%| O|  |TAMS 0x0000000706800000, 0x0000000706600000| Untracked 
|  22|0x0000000706800000, 0x0000000706a00000, 0x0000000706a00000|100%| O|  |TAMS 0x0000000706a00000, 0x0000000706800000| Untracked 
|  23|0x0000000706a00000, 0x0000000706c00000, 0x0000000706c00000|100%| O|  |TAMS 0x0000000706c00000, 0x0000000706a00000| Untracked 
|  24|0x0000000706c00000, 0x0000000706e00000, 0x0000000706e00000|100%| O|  |TAMS 0x0000000706e00000, 0x0000000706c00000| Complete 
|  25|0x0000000706e00000, 0x0000000707000000, 0x0000000707000000|100%| O|  |TAMS 0x0000000706e00000, 0x0000000706e00000| Untracked 
|  26|0x0000000707000000, 0x0000000707200000, 0x0000000707200000|100%| O|  |TAMS 0x0000000707200000, 0x0000000707000000| Untracked 
|  27|0x0000000707200000, 0x0000000707200000, 0x0000000707400000|  0%| F|  |TAMS 0x0000000707200000, 0x0000000707200000| Untracked 
|  28|0x0000000707400000, 0x0000000707600000, 0x0000000707600000|100%| O|  |TAMS 0x0000000707600000, 0x0000000707400000| Untracked 
|  29|0x0000000707600000, 0x0000000707800000, 0x0000000707800000|100%| O|  |TAMS 0x0000000707800000, 0x0000000707600000| Untracked 
|  30|0x0000000707800000, 0x0000000707800000, 0x0000000707a00000|  0%| F|  |TAMS 0x0000000707800000, 0x0000000707800000| Untracked 
|  31|0x0000000707a00000, 0x0000000707a00000, 0x0000000707c00000|  0%| F|  |TAMS 0x0000000707a00000, 0x0000000707a00000| Untracked 
|  32|0x0000000707c00000, 0x0000000707c00000, 0x0000000707e00000|  0%| F|  |TAMS 0x0000000707c00000, 0x0000000707c00000| Untracked 
|  33|0x0000000707e00000, 0x0000000707e00000, 0x0000000708000000|  0%| F|  |TAMS 0x0000000707e00000, 0x0000000707e00000| Untracked 
|  34|0x0000000708000000, 0x0000000708200000, 0x0000000708200000|100%| O|  |TAMS 0x0000000708200000, 0x0000000708000000| Untracked 
|  35|0x0000000708200000, 0x0000000708200000, 0x0000000708400000|  0%| F|  |TAMS 0x0000000708200000, 0x0000000708200000| Untracked 
|  36|0x0000000708400000, 0x0000000708600000, 0x0000000708600000|100%| O|  |TAMS 0x0000000708400000, 0x0000000708400000| Untracked 
|  37|0x0000000708600000, 0x0000000708636a00, 0x0000000708800000| 10%| O|  |TAMS 0x0000000708600000, 0x0000000708600000| Untracked 
|  38|0x0000000708800000, 0x0000000708800000, 0x0000000708a00000|  0%| F|  |TAMS 0x0000000708800000, 0x0000000708800000| Untracked 
|  39|0x0000000708a00000, 0x0000000708a00000, 0x0000000708c00000|  0%| F|  |TAMS 0x0000000708a00000, 0x0000000708a00000| Untracked 
|  40|0x0000000708c00000, 0x0000000708e00000, 0x0000000708e00000|100%| O|  |TAMS 0x0000000708e00000, 0x0000000708c00000| Complete 
|  41|0x0000000708e00000, 0x0000000708e00000, 0x0000000709000000|  0%| F|  |TAMS 0x0000000708e00000, 0x0000000708e00000| Untracked 
|  42|0x0000000709000000, 0x0000000709000000, 0x0000000709200000|  0%| F|  |TAMS 0x0000000709000000, 0x0000000709000000| Untracked 
|  43|0x0000000709200000, 0x0000000709200000, 0x0000000709400000|  0%| F|  |TAMS 0x0000000709200000, 0x0000000709200000| Untracked 
|  44|0x0000000709400000, 0x0000000709600000, 0x0000000709600000|100%| O|  |TAMS 0x0000000709600000, 0x0000000709400000| Complete 
|  45|0x0000000709600000, 0x0000000709800000, 0x0000000709800000|100%| O|  |TAMS 0x0000000709800000, 0x0000000709600000| Untracked 
|  46|0x0000000709800000, 0x0000000709a00000, 0x0000000709a00000|100%| O|  |TAMS 0x0000000709a00000, 0x0000000709800000| Complete 
|  47|0x0000000709a00000, 0x0000000709c00000, 0x0000000709c00000|100%| O|  |TAMS 0x0000000709c00000, 0x0000000709a00000| Untracked 
|  48|0x0000000709c00000, 0x0000000709e00000, 0x0000000709e00000|100%| O|  |TAMS 0x0000000709e00000, 0x0000000709c00000| Untracked 
|  49|0x0000000709e00000, 0x000000070a000000, 0x000000070a000000|100%| O|  |TAMS 0x000000070a000000, 0x0000000709e00000| Complete 
|  50|0x000000070a000000, 0x000000070a200000, 0x000000070a200000|100%| O|  |TAMS 0x000000070a200000, 0x000000070a000000| Untracked 
|  51|0x000000070a200000, 0x000000070a400000, 0x000000070a400000|100%| O|  |TAMS 0x000000070a400000, 0x000000070a200000| Untracked 
|  52|0x000000070a400000, 0x000000070a400000, 0x000000070a600000|  0%| F|  |TAMS 0x000000070a400000, 0x000000070a400000| Untracked 
|  53|0x000000070a600000, 0x000000070a600000, 0x000000070a800000|  0%| F|  |TAMS 0x000000070a600000, 0x000000070a600000| Untracked 
|  54|0x000000070a800000, 0x000000070aa00000, 0x000000070aa00000|100%| O|  |TAMS 0x000000070a8d6000, 0x000000070a800000| Untracked 
|  55|0x000000070aa00000, 0x000000070ac00000, 0x000000070ac00000|100%| O|  |TAMS 0x000000070aa00000, 0x000000070aa00000| Untracked 
|  56|0x000000070ac00000, 0x000000070ae00000, 0x000000070ae00000|100%| O|  |TAMS 0x000000070ac00000, 0x000000070ac00000| Untracked 
|  57|0x000000070ae00000, 0x000000070b000000, 0x000000070b000000|100%| O|  |TAMS 0x000000070ae00000, 0x000000070ae00000| Untracked 
|  58|0x000000070b000000, 0x000000070b200000, 0x000000070b200000|100%| O|  |TAMS 0x000000070b000000, 0x000000070b000000| Untracked 
|  59|0x000000070b200000, 0x000000070b200000, 0x000000070b400000|  0%| F|  |TAMS 0x000000070b200000, 0x000000070b200000| Untracked 
|  60|0x000000070b400000, 0x000000070b400000, 0x000000070b600000|  0%| F|  |TAMS 0x000000070b400000, 0x000000070b400000| Untracked 
|  61|0x000000070b600000, 0x000000070b600000, 0x000000070b800000|  0%| F|  |TAMS 0x000000070b600000, 0x000000070b600000| Untracked 
|  62|0x000000070b800000, 0x000000070b800000, 0x000000070ba00000|  0%| F|  |TAMS 0x000000070b800000, 0x000000070b800000| Untracked 
|  63|0x000000070ba00000, 0x000000070ba00000, 0x000000070bc00000|  0%| F|  |TAMS 0x000000070ba00000, 0x000000070ba00000| Untracked 
|  64|0x000000070bc00000, 0x000000070bc00000, 0x000000070be00000|  0%| F|  |TAMS 0x000000070bc00000, 0x000000070bc00000| Untracked 
|  65|0x000000070be00000, 0x000000070be00000, 0x000000070c000000|  0%| F|  |TAMS 0x000000070be00000, 0x000000070be00000| Untracked 
|  66|0x000000070c000000, 0x000000070c000000, 0x000000070c200000|  0%| F|  |TAMS 0x000000070c000000, 0x000000070c000000| Untracked 
|  67|0x000000070c200000, 0x000000070c200000, 0x000000070c400000|  0%| F|  |TAMS 0x000000070c200000, 0x000000070c200000| Untracked 
|  68|0x000000070c400000, 0x000000070c400000, 0x000000070c600000|  0%| F|  |TAMS 0x000000070c400000, 0x000000070c400000| Untracked 
|  69|0x000000070c600000, 0x000000070c600000, 0x000000070c800000|  0%| F|  |TAMS 0x000000070c600000, 0x000000070c600000| Untracked 
|  70|0x000000070c800000, 0x000000070c800000, 0x000000070ca00000|  0%| F|  |TAMS 0x000000070c800000, 0x000000070c800000| Untracked 
|  71|0x000000070ca00000, 0x000000070ca00000, 0x000000070cc00000|  0%| F|  |TAMS 0x000000070ca00000, 0x000000070ca00000| Untracked 
|  72|0x000000070cc00000, 0x000000070cc00000, 0x000000070ce00000|  0%| F|  |TAMS 0x000000070cc00000, 0x000000070cc00000| Untracked 
|  73|0x000000070ce00000, 0x000000070ce00000, 0x000000070d000000|  0%| F|  |TAMS 0x000000070ce00000, 0x000000070ce00000| Untracked 
|  74|0x000000070d000000, 0x000000070d000000, 0x000000070d200000|  0%| F|  |TAMS 0x000000070d000000, 0x000000070d000000| Untracked 
|  75|0x000000070d200000, 0x000000070d200000, 0x000000070d400000|  0%| F|  |TAMS 0x000000070d200000, 0x000000070d200000| Untracked 
|  76|0x000000070d400000, 0x000000070d400000, 0x000000070d600000|  0%| F|  |TAMS 0x000000070d400000, 0x000000070d400000| Untracked 
|  77|0x000000070d600000, 0x000000070d600000, 0x000000070d800000|  0%| F|  |TAMS 0x000000070d600000, 0x000000070d600000| Untracked 
|  78|0x000000070d800000, 0x000000070d800000, 0x000000070da00000|  0%| F|  |TAMS 0x000000070d800000, 0x000000070d800000| Untracked 
|  79|0x000000070da00000, 0x000000070da00000, 0x000000070dc00000|  0%| F|  |TAMS 0x000000070da00000, 0x000000070da00000| Untracked 
|  80|0x000000070dc00000, 0x000000070dc00000, 0x000000070de00000|  0%| F|  |TAMS 0x000000070dc00000, 0x000000070dc00000| Untracked 
|  81|0x000000070de00000, 0x000000070de00000, 0x000000070e000000|  0%| F|  |TAMS 0x000000070de00000, 0x000000070de00000| Untracked 
|  82|0x000000070e000000, 0x000000070e000000, 0x000000070e200000|  0%| F|  |TAMS 0x000000070e000000, 0x000000070e000000| Untracked 
|  83|0x000000070e200000, 0x000000070e200000, 0x000000070e400000|  0%| F|  |TAMS 0x000000070e200000, 0x000000070e200000| Untracked 
|  84|0x000000070e400000, 0x000000070e400000, 0x000000070e600000|  0%| F|  |TAMS 0x000000070e400000, 0x000000070e400000| Untracked 
|  85|0x000000070e600000, 0x000000070e600000, 0x000000070e800000|  0%| F|  |TAMS 0x000000070e600000, 0x000000070e600000| Untracked 
|  86|0x000000070e800000, 0x000000070e800000, 0x000000070ea00000|  0%| F|  |TAMS 0x000000070e800000, 0x000000070e800000| Untracked 
|  87|0x000000070ea00000, 0x000000070ea00000, 0x000000070ec00000|  0%| F|  |TAMS 0x000000070ea00000, 0x000000070ea00000| Untracked 
|  88|0x000000070ec00000, 0x000000070ec00000, 0x000000070ee00000|  0%| F|  |TAMS 0x000000070ec00000, 0x000000070ec00000| Untracked 
|  89|0x000000070ee00000, 0x000000070ee00000, 0x000000070f000000|  0%| F|  |TAMS 0x000000070ee00000, 0x000000070ee00000| Untracked 
|  90|0x000000070f000000, 0x000000070f000000, 0x000000070f200000|  0%| F|  |TAMS 0x000000070f000000, 0x000000070f000000| Untracked 
|  91|0x000000070f200000, 0x000000070f200000, 0x000000070f400000|  0%| F|  |TAMS 0x000000070f200000, 0x000000070f200000| Untracked 
|  92|0x000000070f400000, 0x000000070f400000, 0x000000070f600000|  0%| F|  |TAMS 0x000000070f400000, 0x000000070f400000| Untracked 
|  93|0x000000070f600000, 0x000000070f600000, 0x000000070f800000|  0%| F|  |TAMS 0x000000070f600000, 0x000000070f600000| Untracked 
|  94|0x000000070f800000, 0x000000070f800000, 0x000000070fa00000|  0%| F|  |TAMS 0x000000070f800000, 0x000000070f800000| Untracked 
|  95|0x000000070fa00000, 0x000000070fa00000, 0x000000070fc00000|  0%| F|  |TAMS 0x000000070fa00000, 0x000000070fa00000| Untracked 
|  96|0x000000070fc00000, 0x000000070fc00000, 0x000000070fe00000|  0%| F|  |TAMS 0x000000070fc00000, 0x000000070fc00000| Untracked 
|  97|0x000000070fe00000, 0x000000070fe00000, 0x0000000710000000|  0%| F|  |TAMS 0x000000070fe00000, 0x000000070fe00000| Untracked 
|  98|0x0000000710000000, 0x0000000710000000, 0x0000000710200000|  0%| F|  |TAMS 0x0000000710000000, 0x0000000710000000| Untracked 
|  99|0x0000000710200000, 0x0000000710200000, 0x0000000710400000|  0%| F|  |TAMS 0x0000000710200000, 0x0000000710200000| Untracked 
| 100|0x0000000710400000, 0x0000000710400000, 0x0000000710600000|  0%| F|  |TAMS 0x0000000710400000, 0x0000000710400000| Untracked 
| 101|0x0000000710600000, 0x0000000710600000, 0x0000000710800000|  0%| F|  |TAMS 0x0000000710600000, 0x0000000710600000| Untracked 
| 102|0x0000000710800000, 0x0000000710800000, 0x0000000710a00000|  0%| F|  |TAMS 0x0000000710800000, 0x0000000710800000| Untracked 
| 103|0x0000000710a00000, 0x0000000710a00000, 0x0000000710c00000|  0%| F|  |TAMS 0x0000000710a00000, 0x0000000710a00000| Untracked 
| 104|0x0000000710c00000, 0x0000000710c00000, 0x0000000710e00000|  0%| F|  |TAMS 0x0000000710c00000, 0x0000000710c00000| Untracked 
| 105|0x0000000710e00000, 0x0000000710e00000, 0x0000000711000000|  0%| F|  |TAMS 0x0000000710e00000, 0x0000000710e00000| Untracked 
| 106|0x0000000711000000, 0x0000000711000000, 0x0000000711200000|  0%| F|  |TAMS 0x0000000711000000, 0x0000000711000000| Untracked 
| 107|0x0000000711200000, 0x0000000711200000, 0x0000000711400000|  0%| F|  |TAMS 0x0000000711200000, 0x0000000711200000| Untracked 
| 108|0x0000000711400000, 0x0000000711400000, 0x0000000711600000|  0%| F|  |TAMS 0x0000000711400000, 0x0000000711400000| Untracked 
| 109|0x0000000711600000, 0x0000000711600000, 0x0000000711800000|  0%| F|  |TAMS 0x0000000711600000, 0x0000000711600000| Untracked 
| 110|0x0000000711800000, 0x0000000711800000, 0x0000000711a00000|  0%| F|  |TAMS 0x0000000711800000, 0x0000000711800000| Untracked 
| 111|0x0000000711a00000, 0x0000000711a99440, 0x0000000711c00000| 29%| S|CS|TAMS 0x0000000711a00000, 0x0000000711a00000| Complete 
| 112|0x0000000711c00000, 0x0000000711c00000, 0x0000000711e00000|  0%| F|  |TAMS 0x0000000711c00000, 0x0000000711c00000| Untracked 
| 113|0x0000000711e00000, 0x0000000711e00000, 0x0000000712000000|  0%| F|  |TAMS 0x0000000711e00000, 0x0000000711e00000| Untracked 
| 114|0x0000000712000000, 0x0000000712000000, 0x0000000712200000|  0%| F|  |TAMS 0x0000000712000000, 0x0000000712000000| Untracked 
| 115|0x0000000712200000, 0x0000000712200000, 0x0000000712400000|  0%| F|  |TAMS 0x0000000712200000, 0x0000000712200000| Untracked 
| 116|0x0000000712400000, 0x0000000712400000, 0x0000000712600000|  0%| F|  |TAMS 0x0000000712400000, 0x0000000712400000| Untracked 
| 117|0x0000000712600000, 0x0000000712600000, 0x0000000712800000|  0%| F|  |TAMS 0x0000000712600000, 0x0000000712600000| Untracked 
| 118|0x0000000712800000, 0x0000000712800000, 0x0000000712a00000|  0%| F|  |TAMS 0x0000000712800000, 0x0000000712800000| Untracked 
| 119|0x0000000712a00000, 0x0000000712a00000, 0x0000000712c00000|  0%| F|  |TAMS 0x0000000712a00000, 0x0000000712a00000| Untracked 
| 120|0x0000000712c00000, 0x0000000712c00000, 0x0000000712e00000|  0%| F|  |TAMS 0x0000000712c00000, 0x0000000712c00000| Untracked 
| 121|0x0000000712e00000, 0x0000000712e00000, 0x0000000713000000|  0%| F|  |TAMS 0x0000000712e00000, 0x0000000712e00000| Untracked 
| 122|0x0000000713000000, 0x0000000713000000, 0x0000000713200000|  0%| F|  |TAMS 0x0000000713000000, 0x0000000713000000| Untracked 
| 123|0x0000000713200000, 0x0000000713200000, 0x0000000713400000|  0%| F|  |TAMS 0x0000000713200000, 0x0000000713200000| Untracked 
| 124|0x0000000713400000, 0x0000000713400000, 0x0000000713600000|  0%| F|  |TAMS 0x0000000713400000, 0x0000000713400000| Untracked 
| 125|0x0000000713600000, 0x0000000713600000, 0x0000000713800000|  0%| F|  |TAMS 0x0000000713600000, 0x0000000713600000| Untracked 
| 126|0x0000000713800000, 0x0000000713800000, 0x0000000713a00000|  0%| F|  |TAMS 0x0000000713800000, 0x0000000713800000| Untracked 

Card table byte_map: [0x0000013de92b0000,0x0000013de9aa0000] _byte_map_base: 0x0000013de5a92000

Marking Bits (Prev, Next): (CMBitMap*) 0x0000013de235bda0, (CMBitMap*) 0x0000013de235bde0
 Prev Bits: [0x0000013dea290000, 0x0000013dee1a0000)
 Next Bits: [0x0000013dee1a0000, 0x0000013df20b0000)

Polling page: 0x0000013de0230000

Metaspace:

Usage:
  Non-class:     59.20 MB used.
      Class:      9.14 MB used.
       Both:     68.34 MB used.

Virtual space:
  Non-class space:       64.00 MB reserved,      59.44 MB ( 93%) committed,  8 nodes.
      Class space:        1.00 GB reserved,       9.38 MB ( <1%) committed,  1 nodes.
             Both:        1.06 GB reserved,      68.81 MB (  6%) committed. 

Chunk freelists:
   Non-Class:  141.00 KB
       Class:  2.47 MB
        Both:  2.61 MB

MaxMetaspaceSize: unlimited
CompressedClassSpaceSize: 1.00 GB
Initial GC threshold: 21.00 MB
Current GC threshold: 113.38 MB
CDS: off
MetaspaceReclaimPolicy: balanced
 - commit_granule_bytes: 65536.
 - commit_granule_words: 8192.
 - virtual_space_node_default_size: 1048576.
 - enlarge_chunks_in_place: 1.
 - new_chunks_are_fully_committed: 0.
 - uncommit_free_chunks: 1.
 - use_allocation_guard: 0.
 - handle_deallocations: 1.


Internal statistics:

num_allocs_failed_limit: 11.
num_arena_births: 766.
num_arena_deaths: 0.
num_vsnodes_births: 9.
num_vsnodes_deaths: 0.
num_space_committed: 1101.
num_space_uncommitted: 0.
num_chunks_returned_to_freelist: 11.
num_chunks_taken_from_freelist: 3058.
num_chunk_merges: 11.
num_chunk_splits: 2044.
num_chunks_enlarged: 1480.
num_purges: 0.
num_inconsistent_stats: 0.

CodeCache: size=49152Kb used=15363Kb max_used=15363Kb free=33788Kb
 bounds [0x0000013de59b0000, 0x0000013de68c0000, 0x0000013de89b0000]
 total_blobs=7945 nmethods=7346 adapters=523
 compilation: enabled
              stopped_count=0, restarted_count=0
 full_count=0

Compilation events (20 events):
Event: 9.685 Thread 0x0000013df5474990 7488   !   1       jdk.internal.reflect.GeneratedMethodAccessor28::invoke (63 bytes)
Event: 9.685 Thread 0x0000013df5474990 nmethod 7488 0x0000013de68acc90 code [0x0000013de68ace80, 0x0000013de68ad278]
Event: 9.699 Thread 0x0000013df5474990 7489       1       java.lang.RuntimeException::<init> (6 bytes)
Event: 9.699 Thread 0x0000013df5474990 nmethod 7489 0x0000013de68ad490 code [0x0000013de68ad620, 0x0000013de68ad708]
Event: 9.707 Thread 0x0000013df5474990 7490       1       java.lang.Long::hashCode (8 bytes)
Event: 9.707 Thread 0x0000013df5474990 nmethod 7490 0x0000013de68ad790 code [0x0000013de68ad920, 0x0000013de68ad9d8]
Event: 9.708 Thread 0x0000013df5474990 7491       1       java.io.File::lastModified (33 bytes)
Event: 9.708 Thread 0x0000013df5474990 nmethod 7491 0x0000013de68ada90 code [0x0000013de68adc60, 0x0000013de68adf48]
Event: 9.709 Thread 0x0000013df5474990 7492       1       java.io.File::length (33 bytes)
Event: 9.709 Thread 0x0000013df5474990 nmethod 7492 0x0000013de68ae510 code [0x0000013de68ae6e0, 0x0000013de68ae9c8]
Event: 9.712 Thread 0x0000013df4ae1bb0 7494       1       java.lang.Thread::isDaemon (5 bytes)
Event: 9.712 Thread 0x0000013df4ae1bb0 nmethod 7494 0x0000013de68af190 code [0x0000013de68af320, 0x0000013de68af3f8]
Event: 9.722 Thread 0x0000013df4ae1bb0 7495       1       io.micrometer.core.instrument.ImmutableTag::getKey (5 bytes)
Event: 9.722 Thread 0x0000013df4ae1bb0 nmethod 7495 0x0000013de68af490 code [0x0000013de68af620, 0x0000013de68af6f8]
Event: 9.727 Thread 0x0000013df5474990 7496       1       org.springframework.core.ResolvableType::isUnresolvableTypeVariable (53 bytes)
Event: 9.727 Thread 0x0000013df5474990 nmethod 7496 0x0000013de68af790 code [0x0000013de68af960, 0x0000013de68afbb8]
Event: 9.737 Thread 0x0000013df6fd7170 7497       1       org.springframework.aop.support.DefaultPointcutAdvisor::getPointcut (5 bytes)
Event: 9.737 Thread 0x0000013df6fd7170 nmethod 7497 0x0000013de68afc90 code [0x0000013de68afe20, 0x0000013de68afef8]
Event: 9.745 Thread 0x0000013df5474990 7498       1       org.springframework.context.annotation.ContextAnnotationAutowireCandidateResolver::isLazy (119 bytes)
Event: 9.746 Thread 0x0000013df5474990 nmethod 7498 0x0000013de68aff90 code [0x0000013de68b01e0, 0x0000013de68b0878]

GC Heap History (20 events):
Event: 7.233 GC heap after
{Heap after GC invocations=21 (full 0):
 garbage-first heap   total 163840K, used 46208K [0x0000000703c00000, 0x0000000800000000)
  region size 2048K, 3 young (6144K), 3 survivors (6144K)
 Metaspace       used 59974K, committed 60416K, reserved 1105920K
  class space    used 7929K, committed 8128K, reserved 1048576K
}
Event: 7.834 GC heap before
{Heap before GC invocations=22 (full 0):
 garbage-first heap   total 163840K, used 132224K [0x0000000703c00000, 0x0000000800000000)
  region size 2048K, 45 young (92160K), 3 survivors (6144K)
 Metaspace       used 64142K, committed 64640K, reserved 1105920K
  class space    used 8578K, committed 8832K, reserved 1048576K
}
Event: 7.840 GC heap after
{Heap after GC invocations=23 (full 0):
 garbage-first heap   total 163840K, used 50751K [0x0000000703c00000, 0x0000000800000000)
  region size 2048K, 5 young (10240K), 5 survivors (10240K)
 Metaspace       used 64142K, committed 64640K, reserved 1105920K
  class space    used 8578K, committed 8832K, reserved 1048576K
}
Event: 8.204 GC heap before
{Heap before GC invocations=23 (full 0):
 garbage-first heap   total 163840K, used 132671K [0x0000000703c00000, 0x0000000800000000)
  region size 2048K, 45 young (92160K), 5 survivors (10240K)
 Metaspace       used 65326K, committed 65856K, reserved 1114112K
  class space    used 8739K, committed 8960K, reserved 1048576K
}
Event: 8.212 GC heap after
{Heap after GC invocations=24 (full 0):
 garbage-first heap   total 163840K, used 53644K [0x0000000703c00000, 0x0000000800000000)
  region size 2048K, 5 young (10240K), 5 survivors (10240K)
 Metaspace       used 65326K, committed 65856K, reserved 1114112K
  class space    used 8739K, committed 8960K, reserved 1048576K
}
Event: 8.619 GC heap before
{Heap before GC invocations=24 (full 0):
 garbage-first heap   total 163840K, used 133516K [0x0000000703c00000, 0x0000000800000000)
  region size 2048K, 44 young (90112K), 5 survivors (10240K)
 Metaspace       used 67513K, committed 68096K, reserved 1114112K
  class space    used 9022K, committed 9280K, reserved 1048576K
}
Event: 8.631 GC heap after
{Heap after GC invocations=25 (full 0):
 garbage-first heap   total 163840K, used 66350K [0x0000000703c00000, 0x0000000800000000)
  region size 2048K, 6 young (12288K), 6 survivors (12288K)
 Metaspace       used 67513K, committed 68096K, reserved 1114112K
  class space    used 9022K, committed 9280K, reserved 1048576K
}
Event: 8.731 GC heap before
{Heap before GC invocations=25 (full 0):
 garbage-first heap   total 163840K, used 125742K [0x0000000703c00000, 0x0000000800000000)
  region size 2048K, 35 young (71680K), 6 survivors (12288K)
 Metaspace       used 67639K, committed 68160K, reserved 1114112K
  class space    used 9039K, committed 9280K, reserved 1048576K
}
Event: 8.744 GC heap after
{Heap after GC invocations=26 (full 0):
 garbage-first heap   total 163840K, used 85485K [0x0000000703c00000, 0x0000000800000000)
  region size 2048K, 5 young (10240K), 5 survivors (10240K)
 Metaspace       used 67639K, committed 68160K, reserved 1114112K
  class space    used 9039K, committed 9280K, reserved 1048576K
}
Event: 8.750 GC heap before
{Heap before GC invocations=26 (full 0):
 garbage-first heap   total 163840K, used 87533K [0x0000000703c00000, 0x0000000800000000)
  region size 2048K, 7 young (14336K), 5 survivors (10240K)
 Metaspace       used 67639K, committed 68160K, reserved 1114112K
  class space    used 9039K, committed 9280K, reserved 1048576K
}
Event: 8.755 GC heap after
{Heap after GC invocations=27 (full 0):
 garbage-first heap   total 235520K, used 89272K [0x0000000703c00000, 0x0000000800000000)
  region size 2048K, 2 young (4096K), 2 survivors (4096K)
 Metaspace       used 67639K, committed 68160K, reserved 1114112K
  class space    used 9039K, committed 9280K, reserved 1048576K
}
Event: 8.845 GC heap before
{Heap before GC invocations=27 (full 0):
 garbage-first heap   total 235520K, used 154808K [0x0000000703c00000, 0x0000000800000000)
  region size 2048K, 33 young (67584K), 2 survivors (4096K)
 Metaspace       used 67639K, committed 68160K, reserved 1114112K
  class space    used 9039K, committed 9280K, reserved 1048576K
}
Event: 8.854 GC heap after
{Heap after GC invocations=28 (full 0):
 garbage-first heap   total 235520K, used 108840K [0x0000000703c00000, 0x0000000800000000)
  region size 2048K, 5 young (10240K), 5 survivors (10240K)
 Metaspace       used 67639K, committed 68160K, reserved 1114112K
  class space    used 9039K, committed 9280K, reserved 1048576K
}
Event: 9.081 GC heap before
{Heap before GC invocations=28 (full 0):
 garbage-first heap   total 235520K, used 157992K [0x0000000703c00000, 0x0000000800000000)
  region size 2048K, 30 young (61440K), 5 survivors (10240K)
 Metaspace       used 68279K, committed 68800K, reserved 1114112K
  class space    used 9119K, committed 9344K, reserved 1048576K
}
Event: 9.091 GC heap after
{Heap after GC invocations=29 (full 0):
 garbage-first heap   total 235520K, used 119640K [0x0000000703c00000, 0x0000000800000000)
  region size 2048K, 4 young (8192K), 4 survivors (8192K)
 Metaspace       used 68279K, committed 68800K, reserved 1114112K
  class space    used 9119K, committed 9344K, reserved 1048576K
}
Event: 9.329 GC heap before
{Heap before GC invocations=29 (full 0):
 garbage-first heap   total 235520K, used 168792K [0x0000000703c00000, 0x0000000800000000)
  region size 2048K, 28 young (57344K), 4 survivors (8192K)
 Metaspace       used 68937K, committed 69504K, reserved 1114112K
  class space    used 9203K, committed 9472K, reserved 1048576K
}
Event: 9.336 GC heap after
{Heap after GC invocations=30 (full 0):
 garbage-first heap   total 235520K, used 123364K [0x0000000703c00000, 0x0000000800000000)
  region size 2048K, 2 young (4096K), 2 survivors (4096K)
 Metaspace       used 68937K, committed 69504K, reserved 1114112K
  class space    used 9203K, committed 9472K, reserved 1048576K
}
Event: 9.717 GC heap before
{Heap before GC invocations=31 (full 0):
 garbage-first heap   total 235520K, used 164324K [0x0000000703c00000, 0x0000000800000000)
  region size 2048K, 27 young (55296K), 2 survivors (4096K)
 Metaspace       used 69889K, committed 70400K, reserved 1114112K
  class space    used 9348K, committed 9600K, reserved 1048576K
}
Event: 9.721 GC heap after
{Heap after GC invocations=32 (full 0):
 garbage-first heap   total 235520K, used 115765K [0x0000000703c00000, 0x0000000800000000)
  region size 2048K, 2 young (4096K), 2 survivors (4096K)
 Metaspace       used 69889K, committed 70400K, reserved 1114112K
  class space    used 9348K, committed 9600K, reserved 1048576K
}
Event: 9.826 GC heap before
{Heap before GC invocations=32 (full 0):
 garbage-first heap   total 235520K, used 121909K [0x0000000703c00000, 0x0000000800000000)
  region size 2048K, 5 young (10240K), 2 survivors (4096K)
 Metaspace       used 69976K, committed 70464K, reserved 1114112K
  class space    used 9359K, committed 9600K, reserved 1048576K
}

Deoptimization events (20 events):
Event: 3.328 Thread 0x0000013df72f4040 DEOPT PACKING pc=0x0000013de62b0181 sp=0x0000003d023fd530
Event: 3.328 Thread 0x0000013df72f4040 DEOPT UNPACKING pc=0x0000013de5a06763 sp=0x0000003d023fc9a0 mode 3
Event: 3.361 Thread 0x0000013df72f4040 DEOPT PACKING pc=0x0000013de62ed779 sp=0x0000003d023fd4c0
Event: 3.361 Thread 0x0000013df72f4040 DEOPT UNPACKING pc=0x0000013de5a06763 sp=0x0000003d023fc9a0 mode 3
Event: 3.685 Thread 0x0000013df72f4040 DEOPT PACKING pc=0x0000013de634088a sp=0x0000003d023fd190
Event: 3.685 Thread 0x0000013df72f4040 DEOPT UNPACKING pc=0x0000013de5a06763 sp=0x0000003d023fc728 mode 0
Event: 4.183 Thread 0x0000013df72f4040 DEOPT PACKING pc=0x0000013de645133c sp=0x0000003d023fd290
Event: 4.183 Thread 0x0000013df72f4040 DEOPT UNPACKING pc=0x0000013de5a06763 sp=0x0000003d023fc710 mode 3
Event: 4.196 Thread 0x0000013df72f4040 DEOPT PACKING pc=0x0000013de645c363 sp=0x0000003d023fd030
Event: 4.196 Thread 0x0000013df72f4040 DEOPT UNPACKING pc=0x0000013de5a06763 sp=0x0000003d023fc4c0 mode 3
Event: 4.703 Thread 0x0000013df72f4040 DEOPT PACKING pc=0x0000013de6426e25 sp=0x0000003d023fbc70
Event: 4.703 Thread 0x0000013df72f4040 DEOPT UNPACKING pc=0x0000013de5a06763 sp=0x0000003d023fb1d8 mode 3
Event: 5.426 Thread 0x0000013df72f4040 DEOPT PACKING pc=0x0000013de5fcb8e2 sp=0x0000003d023f58a0
Event: 5.426 Thread 0x0000013df72f4040 DEOPT UNPACKING pc=0x0000013de5a06763 sp=0x0000003d023f4da8 mode 3
Event: 7.709 Thread 0x0000013df72f4040 DEOPT PACKING pc=0x0000013de67b3855 sp=0x0000003d023f91e0
Event: 7.709 Thread 0x0000013df72f4040 DEOPT UNPACKING pc=0x0000013de5a06763 sp=0x0000003d023f8728 mode 3
Event: 8.000 Thread 0x0000013df72f4040 DEOPT PACKING pc=0x0000013de662e0d4 sp=0x0000003d023fbe60
Event: 8.000 Thread 0x0000013df72f4040 DEOPT UNPACKING pc=0x0000013de5a06763 sp=0x0000003d023fb368 mode 0
Event: 8.286 Thread 0x0000013df72f4040 DEOPT PACKING pc=0x0000013de66f5a54 sp=0x0000003d023fb1c0
Event: 8.286 Thread 0x0000013df72f4040 DEOPT UNPACKING pc=0x0000013de5a06763 sp=0x0000003d023fa658 mode 3

Classes unloaded (0 events):
No events

Classes redefined (0 events):
No events

Internal exceptions (20 events):
Event: 7.965 Thread 0x0000013df72f4040 Exception <a 'java/lang/ClassNotFoundException'{0x000000070bf93c08}: org/springframework/web/servlet/config/annotation/DelegatingWebMvcConfigurationCustomizer> (0x000000070bf93c08) 
thrown [e:\jenkins\tmp\workspace\build\src\src\hotspot\share\classfile\systemDictionary.cpp, line 256]
Event: 7.965 Thread 0x0000013df72f4040 Exception <a 'java/lang/ClassNotFoundException'{0x000000070bf9f728}: org/springframework/boot/autoconfigure/web/servlet/WebMvcAutoConfiguration$EnableWebMvcConfigurationCustomizer> (0x000000070bf9f728) 
thrown [e:\jenkins\tmp\workspace\build\src\src\hotspot\share\classfile\systemDictionary.cpp, line 256]
Event: 7.965 Thread 0x0000013df72f4040 Exception <a 'java/lang/ClassNotFoundException'{0x000000070bfb5080}: org/springframework/context/ResourceLoaderAwareCustomizer> (0x000000070bfb5080) 
thrown [e:\jenkins\tmp\workspace\build\src\src\hotspot\share\classfile\systemDictionary.cpp, line 256]
Event: 7.966 Thread 0x0000013df72f4040 Exception <a 'java/lang/ClassNotFoundException'{0x000000070bfbc0a0}: org/springframework/beans/factory/AwareCustomizer> (0x000000070bfbc0a0) 
thrown [e:\jenkins\tmp\workspace\build\src\src\hotspot\share\classfile\systemDictionary.cpp, line 256]
Event: 7.966 Thread 0x0000013df72f4040 Exception <a 'java/lang/ClassNotFoundException'{0x000000070bfc25d8}: org/springframework/context/ApplicationContextAwareCustomizer> (0x000000070bfc25d8) 
thrown [e:\jenkins\tmp\workspace\build\src\src\hotspot\share\classfile\systemDictionary.cpp, line 256]
Event: 7.966 Thread 0x0000013df72f4040 Exception <a 'java/lang/ClassNotFoundException'{0x000000070bfca0e8}: org/springframework/beans/factory/AwareCustomizer> (0x000000070bfca0e8) 
thrown [e:\jenkins\tmp\workspace\build\src\src\hotspot\share\classfile\systemDictionary.cpp, line 256]
Event: 7.966 Thread 0x0000013df72f4040 Exception <a 'java/lang/ClassNotFoundException'{0x000000070bfd05f8}: org/springframework/web/context/ServletContextAwareCustomizer> (0x000000070bfd05f8) 
thrown [e:\jenkins\tmp\workspace\build\src\src\hotspot\share\classfile\systemDictionary.cpp, line 256]
Event: 7.966 Thread 0x0000013df72f4040 Exception <a 'java/lang/ClassNotFoundException'{0x000000070bfd7a50}: org/springframework/beans/factory/AwareCustomizer> (0x000000070bfd7a50) 
thrown [e:\jenkins\tmp\workspace\build\src\src\hotspot\share\classfile\systemDictionary.cpp, line 256]
Event: 8.472 Thread 0x0000013df72f4040 Exception <a 'java/lang/IncompatibleClassChangeError'{0x000000070b4bb7b0}: Found class java.lang.Object, but interface was expected> (0x000000070b4bb7b0) 
thrown [e:\jenkins\tmp\workspace\build\src\src\hotspot\share\interpreter\linkResolver.cpp, line 833]
Event: 8.547 Thread 0x0000013dfba033c0 Exception <a 'java/lang/NoSuchMethodError'{0x000000070af57f40}: 'java.lang.Object java.lang.invoke.Invokers$Holder.invoke_MT(java.lang.Object, java.lang.Object, java.lang.Object)'> (0x000000070af57f40) 
thrown [e:\jenkins\tmp\workspace\build\src\src\hotspot\share\interpreter\linkResolver.cpp, line 766]
Event: 8.680 Thread 0x0000013df738ea20 Exception <a 'java/io/IOException'{0x000000070c3118c8}> (0x000000070c3118c8) 
thrown [e:\jenkins\tmp\workspace\build\src\src\hotspot\share\prims\jni.cpp, line 516]
Event: 8.785 Thread 0x0000013df738ea20 Exception <a 'java/io/IOException'{0x0000000710b6ba70}> (0x0000000710b6ba70) 
thrown [e:\jenkins\tmp\workspace\build\src\src\hotspot\share\prims\jni.cpp, line 516]
Event: 8.877 Thread 0x0000013df738ea20 Exception <a 'java/io/IOException'{0x0000000710c10c70}> (0x0000000710c10c70) 
thrown [e:\jenkins\tmp\workspace\build\src\src\hotspot\share\prims\jni.cpp, line 516]
Event: 9.351 Thread 0x0000013df72f4040 Exception <a 'java/lang/NoSuchMethodError'{0x000000071394fb30}: 'int java.lang.invoke.DirectMethodHandle$Holder.invokeStatic(java.lang.Object, java.lang.Object, java.lang.Object, java.lang.Object, java.lang.Object)'> (0x000000071394fb30) 
thrown [e:\jenkins\tmp\workspace\build\src\src\hotspot\share\interpreter\linkResolver.cpp, line 766]
Event: 9.416 Thread 0x0000013df72f4040 Exception <a 'java/lang/ClassNotFoundException'{0x00000007119e5fb8}: java/lang/ObjectCustomizer> (0x00000007119e5fb8) 
thrown [e:\jenkins\tmp\workspace\build\src\src\hotspot\share\classfile\systemDictionary.cpp, line 256]
Event: 9.417 Thread 0x0000013df72f4040 Exception <a 'java/lang/ClassNotFoundException'{0x00000007119f0a00}: org/springframework/boot/actuate/autoconfigure/metrics/task/TaskExecutorMetricsAutoConfigurationCustomizer> (0x00000007119f0a00) 
thrown [e:\jenkins\tmp\workspace\build\src\src\hotspot\share\classfile\systemDictionary.cpp, line 256]
Event: 9.742 Thread 0x0000013df72f4040 Exception <a 'java/lang/ClassNotFoundException'{0x0000000711c06be8}: java/lang/ObjectCustomizer> (0x0000000711c06be8) 
thrown [e:\jenkins\tmp\workspace\build\src\src\hotspot\share\classfile\systemDictionary.cpp, line 256]
Event: 9.743 Thread 0x0000013df72f4040 Exception <a 'java/lang/ClassNotFoundException'{0x0000000711c11d80}: org/springframework/cloud/client/discovery/simple/SimpleDiscoveryClientAutoConfigurationCustomizer> (0x0000000711c11d80) 
thrown [e:\jenkins\tmp\workspace\build\src\src\hotspot\share\classfile\systemDictionary.cpp, line 256]
Event: 9.743 Thread 0x0000013df72f4040 Exception <a 'java/lang/ClassNotFoundException'{0x0000000711c1ffe8}: org/springframework/context/ApplicationListenerCustomizer> (0x0000000711c1ffe8) 
thrown [e:\jenkins\tmp\workspace\build\src\src\hotspot\share\classfile\systemDictionary.cpp, line 256]
Event: 9.743 Thread 0x0000013df72f4040 Exception <a 'java/lang/ClassNotFoundException'{0x0000000711c25280}: java/util/EventListenerCustomizer> (0x0000000711c25280) 
thrown [e:\jenkins\tmp\workspace\build\src\src\hotspot\share\classfile\systemDictionary.cpp, line 256]

VM Operations (20 events):
Event: 9.312 Executing VM operation: ICBufferFull done
Event: 9.314 Executing VM operation: ICBufferFull
Event: 9.314 Executing VM operation: ICBufferFull done
Event: 9.329 Executing VM operation: G1CollectForAllocation
Event: 9.336 Executing VM operation: G1CollectForAllocation done
Event: 9.342 Executing VM operation: HandshakeAllThreads
Event: 9.342 Executing VM operation: HandshakeAllThreads done
Event: 9.367 Executing VM operation: ICBufferFull
Event: 9.367 Executing VM operation: ICBufferFull done
Event: 9.368 Executing VM operation: ICBufferFull
Event: 9.368 Executing VM operation: ICBufferFull done
Event: 9.370 Executing VM operation: ICBufferFull
Event: 9.370 Executing VM operation: ICBufferFull done
Event: 9.387 Executing VM operation: G1Concurrent
Event: 9.391 Executing VM operation: G1Concurrent done
Event: 9.429 Executing VM operation: G1Concurrent
Event: 9.429 Executing VM operation: G1Concurrent done
Event: 9.717 Executing VM operation: G1CollectForAllocation
Event: 9.721 Executing VM operation: G1CollectForAllocation done
Event: 9.826 Executing VM operation: G1CollectForAllocation

Events (20 events):
Event: 9.340 loading class javax/management/modelmbean/ModelMBeanOperationInfo done
Event: 9.341 loading class javax/management/modelmbean/DescriptorSupport
Event: 9.341 loading class javax/management/modelmbean/DescriptorSupport done
Event: 9.416 loading class java/lang/ObjectCustomizer
Event: 9.416 loading class java/lang/ObjectCustomizer done
Event: 9.416 loading class java/lang/ObjectCustomizer
Event: 9.416 loading class java/lang/ObjectCustomizer done
Event: 9.479 loading class java/util/concurrent/atomic/AtomicIntegerArray
Event: 9.479 loading class java/util/concurrent/atomic/AtomicIntegerArray done
Event: 9.483 loading class java/util/concurrent/atomic/AtomicLongArray
Event: 9.483 loading class java/util/concurrent/atomic/AtomicLongArray done
Event: 9.712 Thread 0x0000013df738e550 Thread added: 0x0000013df738e550
Event: 9.742 loading class java/lang/ObjectCustomizer
Event: 9.742 loading class java/lang/ObjectCustomizer done
Event: 9.742 loading class java/lang/ObjectCustomizer
Event: 9.742 loading class java/lang/ObjectCustomizer done
Event: 9.743 loading class java/util/EventListenerCustomizer
Event: 9.743 loading class java/util/EventListenerCustomizer done
Event: 9.743 loading class java/util/EventListenerCustomizer
Event: 9.743 loading class java/util/EventListenerCustomizer done


Dynamic libraries:
0x00007ff7ea410000 - 0x00007ff7ea41e000 	C:\tools\softwares\sts-4.14.1.RELEASE\plugins\org.eclipse.justj.openjdk.hotspot.jre.full.win32.x86_64_17.0.2.v20220201-1208\jre\bin\javaw.exe
0x00007fff97ab0000 - 0x00007fff97ca5000 	C:\Windows\SYSTEM32\ntdll.dll
0x00007fff97530000 - 0x00007fff975ed000 	C:\Windows\System32\KERNEL32.DLL
0x00007fff95300000 - 0x00007fff955cd000 	C:\Windows\System32\KERNELBASE.dll
0x00007fff95650000 - 0x00007fff95750000 	C:\Windows\System32\ucrtbase.dll
0x00007fff74630000 - 0x00007fff74648000 	C:\tools\softwares\sts-4.14.1.RELEASE\plugins\org.eclipse.justj.openjdk.hotspot.jre.full.win32.x86_64_17.0.2.v20220201-1208\jre\bin\jli.dll
0x00007fff6a070000 - 0x00007fff6a089000 	C:\tools\softwares\sts-4.14.1.RELEASE\plugins\org.eclipse.justj.openjdk.hotspot.jre.full.win32.x86_64_17.0.2.v20220201-1208\jre\bin\VCRUNTIME140.dll
0x00007fff95d90000 - 0x00007fff95f30000 	C:\Windows\System32\USER32.dll
0x00007fff95750000 - 0x00007fff95772000 	C:\Windows\System32\win32u.dll
0x00007fff82b10000 - 0x00007fff82daa000 	C:\Windows\WinSxS\amd64_microsoft.windows.common-controls_6595b64144ccf1df_6.0.19041.1110_none_60b5254171f9507e\COMCTL32.dll
0x00007fff975f0000 - 0x00007fff9768e000 	C:\Windows\System32\msvcrt.dll
0x00007fff969f0000 - 0x00007fff96a1a000 	C:\Windows\System32\GDI32.dll
0x00007fff959f0000 - 0x00007fff95afb000 	C:\Windows\System32\gdi32full.dll
0x00007fff95950000 - 0x00007fff959ed000 	C:\Windows\System32\msvcp_win.dll
0x00007fff95ba0000 - 0x00007fff95bd0000 	C:\Windows\System32\IMM32.DLL
0x00007fff765a0000 - 0x00007fff765ac000 	C:\tools\softwares\sts-4.14.1.RELEASE\plugins\org.eclipse.justj.openjdk.hotspot.jre.full.win32.x86_64_17.0.2.v20220201-1208\jre\bin\vcruntime140_1.dll
0x00007fff366a0000 - 0x00007fff36731000 	C:\tools\softwares\sts-4.14.1.RELEASE\plugins\org.eclipse.justj.openjdk.hotspot.jre.full.win32.x86_64_17.0.2.v20220201-1208\jre\bin\msvcp140.dll
0x00007fff12d60000 - 0x00007fff139a7000 	C:\tools\softwares\sts-4.14.1.RELEASE\plugins\org.eclipse.justj.openjdk.hotspot.jre.full.win32.x86_64_17.0.2.v20220201-1208\jre\bin\server\jvm.dll
0x00007fff95ce0000 - 0x00007fff95d8e000 	C:\Windows\System32\ADVAPI32.dll
0x00007fff95b00000 - 0x00007fff95b9c000 	C:\Windows\System32\sechost.dll
0x00007fff96c60000 - 0x00007fff96d85000 	C:\Windows\System32\RPCRT4.dll
0x00007fff96a80000 - 0x00007fff96a88000 	C:\Windows\System32\PSAPI.DLL
0x00007fff7b760000 - 0x00007fff7b769000 	C:\Windows\SYSTEM32\WSOCK32.dll
0x00007fff8f4c0000 - 0x00007fff8f4ca000 	C:\Windows\SYSTEM32\VERSION.dll
0x00007fff96980000 - 0x00007fff969eb000 	C:\Windows\System32\WS2_32.dll
0x00007fff7d630000 - 0x00007fff7d657000 	C:\Windows\SYSTEM32\WINMM.dll
0x00007fff93a40000 - 0x00007fff93a52000 	C:\Windows\SYSTEM32\kernel.appcore.dll
0x00007fff90230000 - 0x00007fff9023a000 	C:\tools\softwares\sts-4.14.1.RELEASE\plugins\org.eclipse.justj.openjdk.hotspot.jre.full.win32.x86_64_17.0.2.v20220201-1208\jre\bin\jimage.dll
0x00007fff93750000 - 0x00007fff93934000 	C:\Windows\SYSTEM32\DBGHELP.DLL
0x00007fff83610000 - 0x00007fff8363c000 	C:\Windows\SYSTEM32\dbgcore.DLL
0x00007fff95270000 - 0x00007fff952f2000 	C:\Windows\System32\bcryptPrimitives.dll
0x00007fff74a30000 - 0x00007fff74a55000 	C:\tools\softwares\sts-4.14.1.RELEASE\plugins\org.eclipse.justj.openjdk.hotspot.jre.full.win32.x86_64_17.0.2.v20220201-1208\jre\bin\java.dll
0x00007fff74580000 - 0x00007fff74598000 	C:\tools\softwares\sts-4.14.1.RELEASE\plugins\org.eclipse.justj.openjdk.hotspot.jre.full.win32.x86_64_17.0.2.v20220201-1208\jre\bin\zip.dll
0x00007fff96080000 - 0x00007fff967c4000 	C:\Windows\System32\SHELL32.dll
0x00007fff92fb0000 - 0x00007fff93744000 	C:\Windows\SYSTEM32\windows.storage.dll
0x00007fff97710000 - 0x00007fff97a64000 	C:\Windows\System32\combase.dll
0x00007fff94c20000 - 0x00007fff94c4c000 	C:\Windows\SYSTEM32\Wldp.dll
0x00007fff95c30000 - 0x00007fff95cdd000 	C:\Windows\System32\SHCORE.dll
0x00007fff96e70000 - 0x00007fff96ec5000 	C:\Windows\System32\shlwapi.dll
0x00007fff95100000 - 0x00007fff9511f000 	C:\Windows\SYSTEM32\profapi.dll
0x00007fff6a810000 - 0x00007fff6a829000 	C:\tools\softwares\sts-4.14.1.RELEASE\plugins\org.eclipse.justj.openjdk.hotspot.jre.full.win32.x86_64_17.0.2.v20220201-1208\jre\bin\net.dll
0x00007fff90690000 - 0x00007fff9079a000 	C:\Windows\SYSTEM32\WINHTTP.dll
0x00007fff94980000 - 0x00007fff949ea000 	C:\Windows\system32\mswsock.dll
0x00007fff6a7f0000 - 0x00007fff6a805000 	C:\tools\softwares\sts-4.14.1.RELEASE\plugins\org.eclipse.justj.openjdk.hotspot.jre.full.win32.x86_64_17.0.2.v20220201-1208\jre\bin\nio.dll
0x00007fff74f50000 - 0x00007fff74f59000 	C:\tools\softwares\sts-4.14.1.RELEASE\plugins\org.eclipse.justj.openjdk.hotspot.jre.full.win32.x86_64_17.0.2.v20220201-1208\jre\bin\management.dll
0x00007fff74a70000 - 0x00007fff74a7b000 	C:\tools\softwares\sts-4.14.1.RELEASE\plugins\org.eclipse.justj.openjdk.hotspot.jre.full.win32.x86_64_17.0.2.v20220201-1208\jre\bin\management_ext.dll
0x00007fff76700000 - 0x00007fff76717000 	C:\Windows\system32\napinsp.dll
0x00007fff766e0000 - 0x00007fff766fb000 	C:\Windows\system32\pnrpnsp.dll
0x00007fff766c0000 - 0x00007fff766d5000 	C:\Windows\system32\wshbth.dll
0x00007fff907b0000 - 0x00007fff907cd000 	C:\Windows\system32\NLAapi.dll
0x00007fff94620000 - 0x00007fff9465b000 	C:\Windows\SYSTEM32\IPHLPAPI.DLL
0x00007fff946b0000 - 0x00007fff9477b000 	C:\Windows\SYSTEM32\DNSAPI.dll
0x00007fff95f30000 - 0x00007fff95f38000 	C:\Windows\System32\NSI.dll
0x00007fff766a0000 - 0x00007fff766b2000 	C:\Windows\System32\winrnr.dll
0x00007fff8a990000 - 0x00007fff8a99a000 	C:\Windows\System32\rasadhlp.dll
0x00007fff89610000 - 0x00007fff89690000 	C:\Windows\System32\fwpuclnt.dll
0x00007fff95620000 - 0x00007fff95647000 	C:\Windows\System32\bcrypt.dll
0x00007fff94b70000 - 0x00007fff94b88000 	C:\Windows\SYSTEM32\CRYPTSP.dll
0x00007fff94290000 - 0x00007fff942c4000 	C:\Windows\system32\rsaenh.dll
0x00007fff95080000 - 0x00007fff950ae000 	C:\Windows\SYSTEM32\USERENV.dll
0x00007fff94b90000 - 0x00007fff94b9c000 	C:\Windows\SYSTEM32\CRYPTBASE.dll
0x00007fff8abb0000 - 0x00007fff8abc7000 	C:\Windows\SYSTEM32\dhcpcsvc6.DLL
0x00007fff8e9a0000 - 0x00007fff8e9bd000 	C:\Windows\SYSTEM32\dhcpcsvc.DLL
0x00007fff7de80000 - 0x00007fff7de90000 	C:\tools\softwares\sts-4.14.1.RELEASE\plugins\org.eclipse.justj.openjdk.hotspot.jre.full.win32.x86_64_17.0.2.v20220201-1208\jre\bin\verify.dll
0x00007fff7be00000 - 0x00007fff7be0e000 	C:\tools\softwares\sts-4.14.1.RELEASE\plugins\org.eclipse.justj.openjdk.hotspot.jre.full.win32.x86_64_17.0.2.v20220201-1208\jre\bin\sunmscapi.dll
0x00007fff957f0000 - 0x00007fff95946000 	C:\Windows\System32\CRYPT32.dll
0x00007fff94c90000 - 0x00007fff94cb7000 	C:\Windows\SYSTEM32\ncrypt.dll
0x00007fff94c50000 - 0x00007fff94c8b000 	C:\Windows\SYSTEM32\NTASN1.dll

dbghelp: loaded successfully - version: 4.0.5 - missing functions: none
symbol engine: initialized successfully - sym options: 0x614 - pdb path: .;C:\tools\softwares\sts-4.14.1.RELEASE\plugins\org.eclipse.justj.openjdk.hotspot.jre.full.win32.x86_64_17.0.2.v20220201-1208\jre\bin;C:\Windows\SYSTEM32;C:\Windows\WinSxS\amd64_microsoft.windows.common-controls_6595b64144ccf1df_6.0.19041.1110_none_60b5254171f9507e;C:\tools\softwares\sts-4.14.1.RELEASE\plugins\org.eclipse.justj.openjdk.hotspot.jre.full.win32.x86_64_17.0.2.v20220201-1208\jre\bin\server

VM Arguments:
jvm_args: -Dcom.sun.management.jmxremote -Dcom.sun.management.jmxremote.port=53221 -Dcom.sun.management.jmxremote.authenticate=false -Dcom.sun.management.jmxremote.ssl=false -Djava.rmi.server.hostname=localhost -Dspring.jmx.enabled=true -Dspring.application.admin.enabled=true -XX:TieredStopAtLevel=1 -Dspring.boot.project.name=product-categories-service -Dfile.encoding=UTF-8 -XX:+ShowCodeDetailsInExceptionMessages 
java_command: com.mrmrscart.productcategoriesservice.ProductCategoriesServiceApplication --spring.output.ansi.enabled=always
java_class_path (initial): D:\projects\MRMRSCART\mrmrscart 06-06-22\client_mrmrscart_backend_java-springboot\product-categories-service\target\classes;C:\Users\User\.m2\repository\org\springframework\boot\spring-boot-starter-actuator\2.6.8\spring-boot-starter-actuator-2.6.8.jar;C:\Users\User\.m2\repository\org\springframework\boot\spring-boot-starter\2.6.8\spring-boot-starter-2.6.8.jar;C:\Users\User\.m2\repository\org\springframework\boot\spring-boot-starter-logging\2.6.8\spring-boot-starter-logging-2.6.8.jar;C:\Users\User\.m2\repository\ch\qos\logback\logback-classic\1.2.11\logback-classic-1.2.11.jar;C:\Users\User\.m2\repository\ch\qos\logback\logback-core\1.2.11\logback-core-1.2.11.jar;C:\Users\User\.m2\repository\org\apache\logging\log4j\log4j-to-slf4j\2.17.2\log4j-to-slf4j-2.17.2.jar;C:\Users\User\.m2\repository\org\apache\logging\log4j\log4j-api\2.17.2\log4j-api-2.17.2.jar;C:\Users\User\.m2\repository\org\slf4j\jul-to-slf4j\1.7.36\jul-to-slf4j-1.7.36.jar;C:\Users\User\.m2\repository\jakarta\annotation\jakarta.annotation-api\1.3.5\jakarta.annotation-api-1.3.5.jar;C:\Users\User\.m2\repository\org\yaml\snakeyaml\1.29\snakeyaml-1.29.jar;C:\Users\User\.m2\repository\org\springframework\boot\spring-boot-actuator-autoconfigure\2.6.8\spring-boot-actuator-autoconfigure-2.6.8.jar;C:\Users\User\.m2\repository\org\springframework\boot\spring-boot-actuator\2.6.8\spring-boot-actuator-2.6.8.jar;C:\Users\User\.m2\repository\com\fasterxml\jackson\core\jackson-databind\2.13.3\jackson-databind-2.13.3.jar;C:\Users\User\.m2\repository\com\fasterxml\jackson\datatype\jackson-datatype-jsr310\2.13.3\jackson-datatype-jsr310-2.13.3.jar;C:\Users\User\.m2\repository\io\micrometer\micrometer-core\1.8.6\micrometer-core-1.8.6.jar;C:\Users\User\.m2\repository\org\hdrhistogram\HdrHistogram\2.1.12\HdrHistogram-2.1.12.jar;C:\Users\User\.m2\repository\org\latencyutils\LatencyUtils\2.0.3\LatencyUtils-2.0.3.jar;C:\Users\User\.m2\repository\org\springframework\boot\spring-boot-starter-amqp\2.6.8\sp
Launcher Type: SUN_STANDARD

[Global flags]
     intx CICompilerCount                          = 4                                         {product} {ergonomic}
     uint ConcGCThreads                            = 2                                         {product} {ergonomic}
     uint G1ConcRefinementThreads                  = 8                                         {product} {ergonomic}
   size_t G1HeapRegionSize                         = 2097152                                   {product} {ergonomic}
    uintx GCDrainStackTargetSize                   = 64                                        {product} {ergonomic}
   size_t InitialHeapSize                          = 266338304                                 {product} {ergonomic}
     bool ManagementServer                         = true                                      {product} {command line}
   size_t MarkStackSize                            = 4194304                                   {product} {ergonomic}
   size_t MaxHeapSize                              = 4232052736                                {product} {ergonomic}
   size_t MaxNewSize                               = 2537553920                                {product} {ergonomic}
   size_t MinHeapDeltaBytes                        = 2097152                                   {product} {ergonomic}
   size_t MinHeapSize                              = 8388608                                   {product} {ergonomic}
    uintx NonProfiledCodeHeapSize                  = 0                                      {pd product} {ergonomic}
     bool ProfileInterpreter                       = false                                  {pd product} {command line}
    uintx ProfiledCodeHeapSize                     = 0                                      {pd product} {ergonomic}
     bool ShowCodeDetailsInExceptionMessages       = true                                   {manageable} {command line}
   size_t SoftMaxHeapSize                          = 4232052736                             {manageable} {ergonomic}
     intx TieredStopAtLevel                        = 1                                         {product} {command line}
     bool UseCompressedClassPointers               = true                           {product lp64_product} {ergonomic}
     bool UseCompressedOops                        = true                           {product lp64_product} {ergonomic}
     bool UseG1GC                                  = true                                      {product} {ergonomic}
     bool UseLargePagesIndividualAllocation        = false                                  {pd product} {ergonomic}

Logging:
Log output configuration:
 #0: stdout all=warning uptime,level,tags
 #1: stderr all=off uptime,level,tags

Environment Variables:
JAVA_HOME=C:\Program Files\Java\jdk1.8.0_202
PATH=C:/tools/softwares/sts-4.14.1.RELEASE//plugins/org.eclipse.justj.openjdk.hotspot.jre.full.win32.x86_64_17.0.2.v20220201-1208/jre/bin/server;C:/tools/softwares/sts-4.14.1.RELEASE//plugins/org.eclipse.justj.openjdk.hotspot.jre.full.win32.x86_64_17.0.2.v20220201-1208/jre/bin;C:\tools\softwares\VSCode-win32-x64-1.63.2\bin;C:\Program Files\nodejs\;C:\Program Files\Java\jdk1.8.0_202\bin;C:\Program Files\apache-maven-3.8.4\bin;C:\Program Files\mongodb\Server\5.0\bin;C:\Program Files\RabbitMQ Server\rabbitmq_server-3.10.1\sbin;C:\Program Files\MySQL\MySQL Shell 8.0\bin\;C:\Users\User\AppData\Local\Microsoft\WindowsApps;C:\Users\User\AppData\Roaming\npm;C:\tools\softwares\sts-4.14.1.RELEASE;
USERNAME=Sudharshan B S
OS=Windows_NT
PROCESSOR_IDENTIFIER=Intel64 Family 6 Model 140 Stepping 1, GenuineIntel



---------------  S Y S T E M  ---------------

OS:
 Windows 10 , 64 bit Build 19041 (10.0.19041.1706)
OS uptime: 18 days 3:52 hours

CPU: total 8 (initial active 8) (4 cores per cpu, 2 threads per core) family 6 model 140 stepping 1 microcode 0x86, cx8, cmov, fxsr, ht, mmx, 3dnowpref, sse, sse2, sse3, ssse3, sse4.1, sse4.2, popcnt, lzcnt, tsc, tscinvbit, avx, avx2, aes, erms, clmul, bmi1, bmi2, adx, avx512f, avx512dq, avx512cd, avx512bw, avx512vl, sha, fma, vzeroupper, avx512_vpopcntdq, avx512_vpclmulqdq, avx512_vaes, avx512_vnni, clflush, clflushopt, clwb, avx512_vbmi2, avx512_vbmi

Memory: 4k page, system-wide physical 16140M (2517M free)
TotalPageFile size 35187M (AvailPageFile size 236M)
current process WorkingSet (physical memory assigned to process): 397M, peak: 397M
current process commit charge ("private bytes"): 457M, peak: 711M

vm_info: OpenJDK 64-Bit Server VM (17.0.2+8) for windows-amd64 JRE (17.0.2+8), built on Jan 20 2022 04:52:34 by "" with MS VC++ 16.7 (VS2019)

END.
